RUN	simulations.SensorReadingsAPISimulations	sensorreadingsapisimulations	1669313642429	test	3.6.1
USER	Add Sensor Readings	START	1669313643600
USER	Add Sensor Readings	START	1669313643590
USER	Add Sensor Readings	START	1669313643591
USER	Add Sensor Readings	START	1669313643591
USER	Add Sensor Readings	START	1669313643591
USER	Add Sensor Readings	START	1669313643620
USER	Add Sensor Readings	START	1669313643620
USER	Add Sensor Readings	START	1669313643591
USER	Add Sensor Readings	START	1669313643591
USER	Add Sensor Readings	START	1669313643599
USER	Add Sensor Readings	START	1669313643598
USER	Add Sensor Readings	START	1669313643623
USER	Add Sensor Readings	START	1669313643619
USER	Add Sensor Readings	START	1669313643624
USER	Add Sensor Readings	START	1669313643624
USER	Add Sensor Readings	START	1669313643619
USER	Add Sensor Readings	START	1669313643624
USER	Add Sensor Readings	START	1669313643625
USER	Add Sensor Readings	START	1669313643625
USER	Add Sensor Readings	START	1669313643626
USER	Add Sensor Readings	START	1669313643626
USER	Add Sensor Readings	START	1669313643591
USER	Add Sensor Readings	START	1669313643627
USER	Add Sensor Readings	START	1669313643626
USER	Add Sensor Readings	START	1669313643627
USER	Add Sensor Readings	START	1669313643599
USER	Add Sensor Readings	START	1669313643628
USER	Add Sensor Readings	START	1669313643628
USER	Add Sensor Readings	START	1669313643628
USER	Add Sensor Readings	START	1669313643628
USER	Add Sensor Readings	START	1669313643629
USER	Add Sensor Readings	START	1669313643627
USER	Add Sensor Readings	START	1669313643629
USER	Add Sensor Readings	START	1669313643629
USER	Add Sensor Readings	START	1669313643628
USER	Add Sensor Readings	START	1669313643630
USER	Add Sensor Readings	START	1669313643625
USER	Add Sensor Readings	START	1669313643629
USER	Add Sensor Readings	START	1669313643590
USER	Add Sensor Readings	START	1669313643590
USER	Add Sensor Readings	START	1669313643631
USER	Add Sensor Readings	START	1669313643630
USER	Add Sensor Readings	START	1669313643631
USER	Add Sensor Readings	START	1669313643632
USER	Add Sensor Readings	START	1669313643631
USER	Add Sensor Readings	START	1669313643631
USER	Add Sensor Readings	START	1669313643629
USER	Add Sensor Readings	START	1669313643632
USER	Add Sensor Readings	START	1669313643631
USER	Add Sensor Readings	START	1669313643598
USER	Add Sensor Readings	START	1669313643633
USER	Add Sensor Readings	START	1669313643591
USER	Add Sensor Readings	START	1669313643633
USER	Add Sensor Readings	START	1669313643633
USER	Add Sensor Readings	START	1669313643599
USER	Add Sensor Readings	START	1669313643633
USER	Add Sensor Readings	START	1669313643633
USER	Add Sensor Readings	START	1669313643634
USER	Add Sensor Readings	START	1669313643634
USER	Add Sensor Readings	START	1669313643632
USER	Add Sensor Readings	START	1669313643634
USER	Add Sensor Readings	START	1669313643635
USER	Add Sensor Readings	START	1669313643623
USER	Add Sensor Readings	START	1669313643634
USER	Add Sensor Readings	START	1669313643635
USER	Add Sensor Readings	START	1669313643635
USER	Add Sensor Readings	START	1669313643634
USER	Add Sensor Readings	START	1669313643635
USER	Add Sensor Readings	START	1669313643636
USER	Add Sensor Readings	START	1669313643636
USER	Add Sensor Readings	START	1669313643635
USER	Add Sensor Readings	START	1669313643636
USER	Add Sensor Readings	START	1669313643636
USER	Add Sensor Readings	START	1669313643636
USER	Add Sensor Readings	START	1669313643636
USER	Add Sensor Readings	START	1669313643636
USER	Add Sensor Readings	START	1669313643636
USER	Add Sensor Readings	START	1669313643636
USER	Add Sensor Readings	START	1669313643637
USER	Add Sensor Readings	START	1669313643637
USER	Add Sensor Readings	START	1669313643637
USER	Add Sensor Readings	START	1669313643622
USER	Add Sensor Readings	START	1669313643633
USER	Add Sensor Readings	START	1669313643637
USER	Add Sensor Readings	START	1669313643626
USER	Add Sensor Readings	START	1669313643632
USER	Add Sensor Readings	START	1669313643637
USER	Add Sensor Readings	START	1669313643638
USER	Add Sensor Readings	START	1669313643637
USER	Add Sensor Readings	START	1669313643638
USER	Add Sensor Readings	START	1669313643638
USER	Add Sensor Readings	START	1669313643626
USER	Add Sensor Readings	START	1669313643639
USER	Add Sensor Readings	START	1669313643637
USER	Add Sensor Readings	START	1669313643633
USER	Add Sensor Readings	START	1669313643638
USER	Add Sensor Readings	START	1669313643638
USER	Add Sensor Readings	START	1669313643641
USER	Add Sensor Readings	START	1669313643641
USER	Add Sensor Readings	START	1669313643640
USER	Add Sensor Readings	START	1669313643623
USER	Add Sensor Readings	START	1669313643641
USER	Add Sensor Readings	START	1669313643639
USER	Add Sensor Readings	START	1669313643638
USER	Add Sensor Readings	START	1669313643639
USER	Add Sensor Readings	START	1669313643631
USER	Add Sensor Readings	START	1669313643642
USER	Add Sensor Readings	START	1669313643642
USER	Add Sensor Readings	START	1669313643642
USER	Add Sensor Readings	START	1669313643642
USER	Add Sensor Readings	START	1669313643642
USER	Add Sensor Readings	START	1669313643635
USER	Add Sensor Readings	START	1669313643643
USER	Add Sensor Readings	START	1669313643638
USER	Add Sensor Readings	START	1669313643637
USER	Add Sensor Readings	START	1669313643643
USER	Add Sensor Readings	START	1669313643642
USER	Add Sensor Readings	START	1669313643643
USER	Add Sensor Readings	START	1669313643635
USER	Add Sensor Readings	START	1669313643627
USER	Add Sensor Readings	START	1669313643641
USER	Add Sensor Readings	START	1669313643644
USER	Add Sensor Readings	START	1669313643644
USER	Add Sensor Readings	START	1669313643641
USER	Add Sensor Readings	START	1669313643645
USER	Add Sensor Readings	START	1669313643645
USER	Add Sensor Readings	START	1669313643645
USER	Add Sensor Readings	START	1669313643644
USER	Add Sensor Readings	START	1669313643645
USER	Add Sensor Readings	START	1669313643641
USER	Add Sensor Readings	START	1669313643645
USER	Add Sensor Readings	START	1669313643642
USER	Add Sensor Readings	START	1669313643645
USER	Add Sensor Readings	START	1669313643644
USER	Add Sensor Readings	START	1669313643644
USER	Add Sensor Readings	START	1669313643646
USER	Add Sensor Readings	START	1669313643646
USER	Add Sensor Readings	START	1669313643646
USER	Add Sensor Readings	START	1669313643641
USER	Add Sensor Readings	START	1669313643643
USER	Add Sensor Readings	START	1669313643647
USER	Add Sensor Readings	START	1669313643647
USER	Add Sensor Readings	START	1669313643644
USER	Add Sensor Readings	START	1669313643646
USER	Add Sensor Readings	START	1669313643647
USER	Add Sensor Readings	START	1669313643647
USER	Add Sensor Readings	START	1669313643647
USER	Add Sensor Readings	START	1669313643644
USER	Add Sensor Readings	START	1669313643648
USER	Add Sensor Readings	START	1669313643647
USER	Add Sensor Readings	START	1669313643646
USER	Add Sensor Readings	START	1669313643648
USER	Add Sensor Readings	START	1669313643648
USER	Add Sensor Readings	START	1669313643643
USER	Add Sensor Readings	START	1669313643643
USER	Add Sensor Readings	START	1669313643648
USER	Add Sensor Readings	START	1669313643648
USER	Add Sensor Readings	START	1669313643648
USER	Add Sensor Readings	START	1669313643643
USER	Add Sensor Readings	START	1669313643649
USER	Add Sensor Readings	START	1669313643648
USER	Add Sensor Readings	START	1669313643648
USER	Add Sensor Readings	START	1669313643649
USER	Add Sensor Readings	START	1669313643647
USER	Add Sensor Readings	START	1669313643649
USER	Add Sensor Readings	START	1669313643649
USER	Add Sensor Readings	START	1669313643649
USER	Add Sensor Readings	START	1669313643649
USER	Add Sensor Readings	START	1669313643650
USER	Add Sensor Readings	START	1669313643650
USER	Add Sensor Readings	START	1669313643649
USER	Add Sensor Readings	START	1669313643650
USER	Add Sensor Readings	START	1669313643650
USER	Add Sensor Readings	START	1669313643646
USER	Add Sensor Readings	START	1669313643647
USER	Add Sensor Readings	START	1669313643645
USER	Add Sensor Readings	START	1669313643650
USER	Add Sensor Readings	START	1669313643650
USER	Add Sensor Readings	START	1669313643651
USER	Add Sensor Readings	START	1669313643651
USER	Add Sensor Readings	START	1669313643650
USER	Add Sensor Readings	START	1669313643651
USER	Add Sensor Readings	START	1669313643652
USER	Add Sensor Readings	START	1669313643652
USER	Add Sensor Readings	START	1669313643650
USER	Add Sensor Readings	START	1669313643649
USER	Add Sensor Readings	START	1669313643648
USER	Add Sensor Readings	START	1669313643652
USER	Add Sensor Readings	START	1669313643646
USER	Add Sensor Readings	START	1669313643649
USER	Add Sensor Readings	START	1669313643652
USER	Add Sensor Readings	START	1669313643649
USER	Add Sensor Readings	START	1669313643652
USER	Add Sensor Readings	START	1669313643650
USER	Add Sensor Readings	START	1669313643652
USER	Add Sensor Readings	START	1669313643652
USER	Add Sensor Readings	START	1669313643652
USER	Add Sensor Readings	START	1669313643654
USER	Add Sensor Readings	START	1669313643654
USER	Add Sensor Readings	START	1669313643651
USER	Add Sensor Readings	START	1669313643654
USER	Add Sensor Readings	START	1669313643652
USER	Add Sensor Readings	START	1669313643655
USER	Add Sensor Readings	START	1669313643654
USER	Add Sensor Readings	START	1669313643645
USER	Add Sensor Readings	START	1669313643654
USER	Add Sensor Readings	START	1669313643655
USER	Add Sensor Readings	START	1669313643652
USER	Add Sensor Readings	START	1669313643651
USER	Add Sensor Readings	START	1669313643654
USER	Add Sensor Readings	START	1669313643656
USER	Add Sensor Readings	START	1669313643656
USER	Add Sensor Readings	START	1669313643655
USER	Add Sensor Readings	START	1669313643656
USER	Add Sensor Readings	START	1669313643656
USER	Add Sensor Readings	START	1669313643656
USER	Add Sensor Readings	START	1669313643655
USER	Add Sensor Readings	START	1669313643655
USER	Add Sensor Readings	START	1669313643657
USER	Add Sensor Readings	START	1669313643653
USER	Add Sensor Readings	START	1669313643653
USER	Add Sensor Readings	START	1669313643658
USER	Add Sensor Readings	START	1669313643658
USER	Add Sensor Readings	START	1669313643658
USER	Add Sensor Readings	START	1669313643658
USER	Add Sensor Readings	START	1669313643658
USER	Add Sensor Readings	START	1669313643659
USER	Add Sensor Readings	START	1669313643659
USER	Add Sensor Readings	START	1669313643659
USER	Add Sensor Readings	START	1669313643652
USER	Add Sensor Readings	START	1669313643660
USER	Add Sensor Readings	START	1669313643653
USER	Add Sensor Readings	START	1669313643653
USER	Add Sensor Readings	START	1669313643655
USER	Add Sensor Readings	START	1669313643660
USER	Add Sensor Readings	START	1669313643656
USER	Add Sensor Readings	START	1669313643658
USER	Add Sensor Readings	START	1669313643656
USER	Add Sensor Readings	START	1669313643656
USER	Add Sensor Readings	START	1669313643657
USER	Add Sensor Readings	START	1669313643660
USER	Add Sensor Readings	START	1669313643661
USER	Add Sensor Readings	START	1669313643658
USER	Add Sensor Readings	START	1669313643660
USER	Add Sensor Readings	START	1669313643661
USER	Add Sensor Readings	START	1669313643662
USER	Add Sensor Readings	START	1669313643661
USER	Add Sensor Readings	START	1669313643660
USER	Add Sensor Readings	START	1669313643662
USER	Add Sensor Readings	START	1669313643662
USER	Add Sensor Readings	START	1669313643663
USER	Add Sensor Readings	START	1669313643653
USER	Add Sensor Readings	START	1669313643662
USER	Add Sensor Readings	START	1669313643662
USER	Add Sensor Readings	START	1669313643663
USER	Add Sensor Readings	START	1669313643661
USER	Add Sensor Readings	START	1669313643660
USER	Add Sensor Readings	START	1669313643664
USER	Add Sensor Readings	START	1669313643661
USER	Add Sensor Readings	START	1669313643661
USER	Add Sensor Readings	START	1669313643661
USER	Add Sensor Readings	START	1669313643664
USER	Add Sensor Readings	START	1669313643664
USER	Add Sensor Readings	START	1669313643664
USER	Add Sensor Readings	START	1669313643664
USER	Add Sensor Readings	START	1669313643665
USER	Add Sensor Readings	START	1669313643666
USER	Add Sensor Readings	START	1669313643666
USER	Add Sensor Readings	START	1669313643665
USER	Add Sensor Readings	START	1669313643667
USER	Add Sensor Readings	START	1669313643664
USER	Add Sensor Readings	START	1669313643661
USER	Add Sensor Readings	START	1669313643668
USER	Add Sensor Readings	START	1669313643666
USER	Add Sensor Readings	START	1669313643669
USER	Add Sensor Readings	START	1669313643669
USER	Add Sensor Readings	START	1669313643669
USER	Add Sensor Readings	START	1669313643663
USER	Add Sensor Readings	START	1669313643662
USER	Add Sensor Readings	START	1669313643662
USER	Add Sensor Readings	START	1669313643670
USER	Add Sensor Readings	START	1669313643670
USER	Add Sensor Readings	START	1669313643663
USER	Add Sensor Readings	START	1669313643671
USER	Add Sensor Readings	START	1669313643669
USER	Add Sensor Readings	START	1669313643670
USER	Add Sensor Readings	START	1669313643670
USER	Add Sensor Readings	START	1669313643665
USER	Add Sensor Readings	START	1669313643671
USER	Add Sensor Readings	START	1669313643672
USER	Add Sensor Readings	START	1669313643671
USER	Add Sensor Readings	START	1669313643672
USER	Add Sensor Readings	START	1669313643671
USER	Add Sensor Readings	START	1669313643673
USER	Add Sensor Readings	START	1669313643673
USER	Add Sensor Readings	START	1669313643673
USER	Add Sensor Readings	START	1669313643673
USER	Add Sensor Readings	START	1669313643674
USER	Add Sensor Readings	START	1669313643674
USER	Add Sensor Readings	START	1669313643674
REQUEST		add readings	1669313643649	1669313645162	KO	j.i.IOException: Premature close
USER	Add Sensor Readings	END	1669313645167
REQUEST		add readings	1669313643638	1669313645168	KO	j.i.IOException: Premature close
USER	Add Sensor Readings	END	1669313645171
REQUEST		add readings	1669313643662	1669313645170	KO	j.i.IOException: Premature close
USER	Add Sensor Readings	END	1669313645172
REQUEST		add readings	1669313643661	1669313645153	KO	j.i.IOException: Premature close
USER	Add Sensor Readings	END	1669313645173
REQUEST		add readings	1669313643650	1669313645172	KO	j.i.IOException: Premature close
USER	Add Sensor Readings	END	1669313645174
REQUEST		add readings	1669313643636	1669313645171	KO	j.i.IOException: Premature close
USER	Add Sensor Readings	END	1669313645174
REQUEST		add readings	1669313643651	1669313645174	KO	j.i.IOException: Premature close
USER	Add Sensor Readings	END	1669313645175
REQUEST		add readings	1669313643665	1669313645173	KO	j.i.IOException: Premature close
REQUEST		add readings	1669313643650	1669313645175	KO	j.i.IOException: Premature close
USER	Add Sensor Readings	END	1669313645176
REQUEST		add readings	1669313643637	1669313645175	KO	j.i.IOException: Premature close
USER	Add Sensor Readings	END	1669313645178
USER	Add Sensor Readings	END	1669313645178
REQUEST		add readings	1669313643672	1669313645178	KO	j.i.IOException: Premature close
USER	Add Sensor Readings	END	1669313645181
REQUEST		add readings	1669313643655	1669313645252	KO	j.i.IOException: Premature close
REQUEST		add readings	1669313643660	1669313645251	KO	j.i.IOException: Premature close
USER	Add Sensor Readings	END	1669313645254
REQUEST		add readings	1669313643663	1669313645254	KO	j.i.IOException: Premature close
USER	Add Sensor Readings	END	1669313645256
REQUEST		add readings	1669313643660	1669313645256	KO	j.i.IOException: Premature close
USER	Add Sensor Readings	END	1669313645257
USER	Add Sensor Readings	END	1669313645259
REQUEST		add readings	1669313643654	1669313645259	KO	j.i.IOException: Premature close
USER	Add Sensor Readings	END	1669313645268
REQUEST		add readings	1669313643667	1669313645268	KO	j.i.IOException: Premature close
USER	Add Sensor Readings	END	1669313645280
REQUEST		add readings	1669313643655	1669313645280	KO	j.i.IOException: Premature close
USER	Add Sensor Readings	END	1669313645281
REQUEST		add readings	1669313643665	1669313645281	KO	j.i.IOException: Premature close
USER	Add Sensor Readings	END	1669313645282
REQUEST		add readings	1669313643669	1669313645282	KO	j.i.IOException: Premature close
REQUEST		add readings	1669313643666	1669313645284	KO	j.i.IOException: Premature close
USER	Add Sensor Readings	END	1669313645287
USER	Add Sensor Readings	END	1669313645287
REQUEST		add readings	1669313643651	1669313645287	KO	j.i.IOException: Premature close
USER	Add Sensor Readings	END	1669313645288
REQUEST		add readings	1669313643631	1669313645288	KO	j.i.IOException: Premature close
USER	Add Sensor Readings	END	1669313645289
REQUEST		add readings	1669313643671	1669313645287	KO	j.i.IOException: Premature close
USER	Add Sensor Readings	END	1669313645290
REQUEST		add readings	1669313643649	1669313645289	KO	j.i.IOException: Premature close
USER	Add Sensor Readings	END	1669313645292
REQUEST		add readings	1669313643654	1669313645291	KO	j.i.IOException: Premature close
USER	Add Sensor Readings	END	1669313645293
REQUEST		add readings	1669313643656	1669313645292	KO	j.i.IOException: Premature close
USER	Add Sensor Readings	END	1669313645293
REQUEST		add readings	1669313643658	1669313645293	KO	j.i.IOException: Premature close
USER	Add Sensor Readings	END	1669313645300
REQUEST		add readings	1669313643669	1669313645290	KO	j.i.IOException: Premature close
USER	Add Sensor Readings	END	1669313645300
REQUEST		add readings	1669313643657	1669313645300	KO	j.i.IOException: Premature close
USER	Add Sensor Readings	END	1669313645301
REQUEST		add readings	1669313643671	1669313645301	KO	j.i.IOException: Premature close
USER	Add Sensor Readings	END	1669313645302
REQUEST		add readings	1669313643662	1669313645295	KO	j.i.IOException: Premature close
USER	Add Sensor Readings	END	1669313645305
REQUEST		add readings	1669313643670	1669313645287	KO	j.i.IOException: Premature close
USER	Add Sensor Readings	END	1669313645315
REQUEST		add readings	1669313643661	1669313645290	KO	j.i.IOException: Premature close
USER	Add Sensor Readings	END	1669313645315
REQUEST		add readings	1669313643664	1669313645305	KO	j.i.IOException: Premature close
REQUEST		add readings	1669313643670	1669313645305	KO	j.i.IOException: Premature close
REQUEST		add readings	1669313643659	1669313645317	KO	j.i.IOException: Premature close
USER	Add Sensor Readings	END	1669313645316
USER	Add Sensor Readings	END	1669313645317
REQUEST		add readings	1669313643661	1669313645318	KO	j.i.IOException: Premature close
USER	Add Sensor Readings	END	1669313645318
USER	Add Sensor Readings	END	1669313645318
REQUEST		add readings	1669313643658	1669313645318	KO	j.i.IOException: Premature close
REQUEST		add readings	1669313643671	1669313645316	KO	j.i.IOException: Premature close
USER	Add Sensor Readings	END	1669313645319
REQUEST		add readings	1669313643670	1669313645319	KO	j.i.IOException: Premature close
REQUEST		add readings	1669313643626	1669313645320	KO	j.i.IOException: Premature close
REQUEST		add readings	1669313643664	1669313645316	KO	j.i.IOException: Premature close
USER	Add Sensor Readings	END	1669313645321
USER	Add Sensor Readings	END	1669313645321
USER	Add Sensor Readings	END	1669313645321
USER	Add Sensor Readings	END	1669313645321
REQUEST		add readings	1669313643656	1669313645321	KO	j.i.IOException: Premature close
USER	Add Sensor Readings	END	1669313645322
REQUEST		add readings	1669313643652	1669313645317	KO	j.i.IOException: Premature close
REQUEST		add readings	1669313643664	1669313645322	KO	j.i.IOException: Premature close
REQUEST		add readings	1669313643662	1669313645322	KO	j.i.IOException: Premature close
USER	Add Sensor Readings	END	1669313645323
USER	Add Sensor Readings	END	1669313645323
REQUEST		add readings	1669313643627	1669313645321	KO	j.i.IOException: Premature close
USER	Add Sensor Readings	END	1669313645325
REQUEST		add readings	1669313643649	1669313645323	KO	j.i.IOException: Premature close
USER	Add Sensor Readings	END	1669313645326
REQUEST		add readings	1669313643674	1669313645325	KO	j.i.IOException: Premature close
REQUEST		add readings	1669313643674	1669313645326	KO	j.i.IOException: Premature close
USER	Add Sensor Readings	END	1669313645326
REQUEST		add readings	1669313643674	1669313645326	KO	j.i.IOException: Premature close
USER	Add Sensor Readings	END	1669313645326
USER	Add Sensor Readings	END	1669313645327
USER	Add Sensor Readings	END	1669313645327
REQUEST		add readings	1669313643643	1669313645326	KO	j.i.IOException: Premature close
REQUEST		add readings	1669313643652	1669313645327	KO	j.i.IOException: Premature close
REQUEST		add readings	1669313643661	1669313645327	KO	j.i.IOException: Premature close
USER	Add Sensor Readings	END	1669313645328
USER	Add Sensor Readings	END	1669313645328
REQUEST		add readings	1669313643656	1669313645328	KO	j.i.IOException: Premature close
REQUEST		add readings	1669313643667	1669313645328	KO	j.i.IOException: Premature close
USER	Add Sensor Readings	END	1669313645329
USER	Add Sensor Readings	END	1669313645329
USER	Add Sensor Readings	END	1669313645329
REQUEST		add readings	1669313643649	1669313645329	KO	j.i.IOException: Premature close
USER	Add Sensor Readings	END	1669313645330
REQUEST		add readings	1669313643652	1669313645330	KO	j.i.IOException: Premature close
REQUEST		add readings	1669313643666	1669313645329	KO	j.i.IOException: Premature close
USER	Add Sensor Readings	END	1669313645331
USER	Add Sensor Readings	END	1669313645331
REQUEST		add readings	1669313643654	1669313645331	KO	j.i.IOException: Premature close
REQUEST		add readings	1669313643650	1669313645331	KO	j.i.IOException: Premature close
USER	Add Sensor Readings	END	1669313645331
USER	Add Sensor Readings	END	1669313645332
REQUEST		add readings	1669313643664	1669313645331	KO	j.i.IOException: Premature close
USER	Add Sensor Readings	END	1669313645334
REQUEST		add readings	1669313643656	1669313645336	KO	j.i.IOException: Premature close
USER	Add Sensor Readings	END	1669313645336
REQUEST		add readings	1669313643654	1669313645336	KO	j.i.IOException: Premature close
USER	Add Sensor Readings	END	1669313645344
REQUEST		add readings	1669313643653	1669313645344	KO	j.i.IOException: Premature close
USER	Add Sensor Readings	END	1669313645349
REQUEST		add readings	1669313643656	1669313645350	KO	j.i.IOException: Premature close
USER	Add Sensor Readings	END	1669313645351
REQUEST		add readings	1669313643669	1669313645351	KO	j.i.IOException: Premature close
USER	Add Sensor Readings	END	1669313645352
REQUEST		add readings	1669313643664	1669313645353	KO	j.i.IOException: Premature close
USER	Add Sensor Readings	END	1669313645356
REQUEST		add readings	1669313643661	1669313645356	KO	j.i.IOException: Premature close
USER	Add Sensor Readings	END	1669313645359
REQUEST		add readings	1669313643625	1669313652445	OK	 
USER	Add Sensor Readings	END	1669313652478
REQUEST		add readings	1669313643627	1669313652528	OK	 
USER	Add Sensor Readings	END	1669313652529
REQUEST		add readings	1669313643611	1669313653698	OK	 
USER	Add Sensor Readings	END	1669313653713
REQUEST		add readings	1669313643612	1669313654055	OK	 
USER	Add Sensor Readings	END	1669313654064
REQUEST		add readings	1669313643645	1669313654138	OK	 
USER	Add Sensor Readings	END	1669313654143
REQUEST		add readings	1669313643634	1669313654193	OK	 
USER	Add Sensor Readings	END	1669313654194
REQUEST		add readings	1669313643612	1669313654222	OK	 
USER	Add Sensor Readings	END	1669313654223
REQUEST		add readings	1669313643626	1669313654230	OK	 
USER	Add Sensor Readings	END	1669313654231
REQUEST		add readings	1669313643611	1669313654255	OK	 
USER	Add Sensor Readings	END	1669313654264
REQUEST		add readings	1669313643625	1669313654288	OK	 
REQUEST		add readings	1669313643612	1669313654265	OK	 
USER	Add Sensor Readings	END	1669313654301
USER	Add Sensor Readings	END	1669313654307
REQUEST		add readings	1669313643612	1669313654271	OK	 
USER	Add Sensor Readings	END	1669313654314
REQUEST		add readings	1669313643624	1669313654403	OK	 
USER	Add Sensor Readings	END	1669313654404
REQUEST		add readings	1669313643642	1669313654486	OK	 
USER	Add Sensor Readings	END	1669313654495
REQUEST		add readings	1669313643632	1669313654532	OK	 
USER	Add Sensor Readings	END	1669313654533
REQUEST		add readings	1669313643611	1669313654536	OK	 
USER	Add Sensor Readings	END	1669313654538
REQUEST		add readings	1669313643628	1669313654599	OK	 
USER	Add Sensor Readings	END	1669313654600
REQUEST		add readings	1669313643635	1669313654612	OK	 
USER	Add Sensor Readings	END	1669313654613
REQUEST		add readings	1669313643638	1669313654621	OK	 
REQUEST		add readings	1669313643628	1669313654622	OK	 
USER	Add Sensor Readings	END	1669313654623
USER	Add Sensor Readings	END	1669313654623
REQUEST		add readings	1669313643634	1669313654663	OK	 
USER	Add Sensor Readings	END	1669313654666
REQUEST		add readings	1669313643623	1669313654689	OK	 
USER	Add Sensor Readings	END	1669313654691
REQUEST		add readings	1669313643636	1669313654757	OK	 
USER	Add Sensor Readings	END	1669313654762
REQUEST		add readings	1669313643628	1669313654763	OK	 
USER	Add Sensor Readings	END	1669313654767
REQUEST		add readings	1669313643637	1669313654849	OK	 
USER	Add Sensor Readings	END	1669313654850
REQUEST		add readings	1669313643631	1669313654989	OK	 
USER	Add Sensor Readings	END	1669313654990
REQUEST		add readings	1669313643640	1669313655000	OK	 
USER	Add Sensor Readings	END	1669313655005
REQUEST		add readings	1669313643612	1669313655140	OK	 
USER	Add Sensor Readings	END	1669313655143
REQUEST		add readings	1669313643635	1669313655275	OK	 
USER	Add Sensor Readings	END	1669313655277
REQUEST		add readings	1669313643635	1669313655395	OK	 
USER	Add Sensor Readings	END	1669313655396
REQUEST		add readings	1669313643632	1669313655466	OK	 
USER	Add Sensor Readings	END	1669313655467
REQUEST		add readings	1669313643635	1669313655504	OK	 
USER	Add Sensor Readings	END	1669313655505
REQUEST		add readings	1669313643633	1669313655570	OK	 
USER	Add Sensor Readings	END	1669313655570
REQUEST		add readings	1669313643620	1669313655589	OK	 
USER	Add Sensor Readings	END	1669313655593
REQUEST		add readings	1669313643653	1669313655698	OK	 
USER	Add Sensor Readings	END	1669313655702
REQUEST		add readings	1669313643612	1669313655974	OK	 
REQUEST		add readings	1669313643628	1669313655985	OK	 
REQUEST		add readings	1669313643637	1669313655986	OK	 
REQUEST		add readings	1669313643638	1669313655986	OK	 
USER	Add Sensor Readings	END	1669313655988
USER	Add Sensor Readings	END	1669313655993
USER	Add Sensor Readings	END	1669313655993
REQUEST		add readings	1669313643629	1669313655997	OK	 
REQUEST		add readings	1669313643633	1669313655997	OK	 
USER	Add Sensor Readings	END	1669313655998
USER	Add Sensor Readings	END	1669313655999
USER	Add Sensor Readings	END	1669313656003
REQUEST		add readings	1669313643625	1669313656005	OK	 
USER	Add Sensor Readings	END	1669313656012
REQUEST		add readings	1669313643611	1669313656016	OK	 
USER	Add Sensor Readings	END	1669313656018
REQUEST		add readings	1669313643612	1669313656022	OK	 
USER	Add Sensor Readings	END	1669313656024
REQUEST		add readings	1669313643641	1669313656069	OK	 
USER	Add Sensor Readings	END	1669313656072
REQUEST		add readings	1669313643628	1669313656072	OK	 
REQUEST		add readings	1669313643635	1669313656073	OK	 
USER	Add Sensor Readings	END	1669313656074
USER	Add Sensor Readings	END	1669313656074
REQUEST		add readings	1669313643632	1669313656074	OK	 
USER	Add Sensor Readings	END	1669313656074
REQUEST		add readings	1669313643611	1669313656120	OK	 
REQUEST		add readings	1669313643638	1669313656120	OK	 
USER	Add Sensor Readings	END	1669313656121
USER	Add Sensor Readings	END	1669313656121
REQUEST		add readings	1669313643654	1669313656195	OK	 
REQUEST		add readings	1669313643645	1669313656195	OK	 
USER	Add Sensor Readings	END	1669313656196
USER	Add Sensor Readings	END	1669313656200
REQUEST		add readings	1669313643619	1669313656290	OK	 
USER	Add Sensor Readings	END	1669313656291
REQUEST		add readings	1669313643639	1669313656295	OK	 
USER	Add Sensor Readings	END	1669313656297
REQUEST		add readings	1669313643641	1669313656355	OK	 
USER	Add Sensor Readings	END	1669313656357
REQUEST		add readings	1669313643624	1669313656426	OK	 
REQUEST		add readings	1669313643637	1669313656426	OK	 
REQUEST		add readings	1669313643640	1669313656426	OK	 
USER	Add Sensor Readings	END	1669313656427
USER	Add Sensor Readings	END	1669313656427
USER	Add Sensor Readings	END	1669313656427
REQUEST		add readings	1669313643637	1669313656491	OK	 
USER	Add Sensor Readings	END	1669313656499
REQUEST		add readings	1669313643634	1669313656504	OK	 
REQUEST		add readings	1669313643638	1669313656504	OK	 
USER	Add Sensor Readings	END	1669313656504
USER	Add Sensor Readings	END	1669313656505
REQUEST		add readings	1669313643636	1669313656561	OK	 
USER	Add Sensor Readings	END	1669313656565
REQUEST		add readings	1669313643645	1669313656624	OK	 
USER	Add Sensor Readings	END	1669313656626
REQUEST		add readings	1669313643612	1669313656627	OK	 
USER	Add Sensor Readings	END	1669313656630
REQUEST		add readings	1669313643633	1669313656689	OK	 
USER	Add Sensor Readings	END	1669313656705
REQUEST		add readings	1669313643633	1669313656771	OK	 
USER	Add Sensor Readings	END	1669313656778
REQUEST		add readings	1669313643639	1669313656787	OK	 
REQUEST		add readings	1669313643637	1669313656793	OK	 
USER	Add Sensor Readings	END	1669313656796
USER	Add Sensor Readings	END	1669313656805
REQUEST		add readings	1669313643649	1669313656853	OK	 
REQUEST		add readings	1669313643642	1669313656856	OK	 
USER	Add Sensor Readings	END	1669313656866
USER	Add Sensor Readings	END	1669313656868
REQUEST		add readings	1669313643650	1669313657055	OK	 
REQUEST		add readings	1669313643624	1669313657053	OK	 
REQUEST		add readings	1669313643647	1669313657053	OK	 
USER	Add Sensor Readings	END	1669313657080
USER	Add Sensor Readings	END	1669313657088
REQUEST		add readings	1669313643647	1669313657093	OK	 
USER	Add Sensor Readings	END	1669313657094
USER	Add Sensor Readings	END	1669313657103
REQUEST		add readings	1669313643642	1669313657272	OK	 
USER	Add Sensor Readings	END	1669313657273
REQUEST		add readings	1669313643611	1669313657305	OK	 
USER	Add Sensor Readings	END	1669313657307
REQUEST		add readings	1669313643663	1669313657346	OK	 
USER	Add Sensor Readings	END	1669313657348
REQUEST		add readings	1669313643635	1669313657362	OK	 
USER	Add Sensor Readings	END	1669313657363
REQUEST		add readings	1669313643653	1669313657388	OK	 
USER	Add Sensor Readings	END	1669313657389
REQUEST		add readings	1669313643642	1669313657453	OK	 
USER	Add Sensor Readings	END	1669313657454
REQUEST		add readings	1669313643629	1669313657499	OK	 
REQUEST		add readings	1669313643635	1669313657499	OK	 
USER	Add Sensor Readings	END	1669313657500
USER	Add Sensor Readings	END	1669313657500
REQUEST		add readings	1669313643641	1669313657520	OK	 
USER	Add Sensor Readings	END	1669313657522
REQUEST		add readings	1669313643634	1669313657573	OK	 
USER	Add Sensor Readings	END	1669313657575
REQUEST		add readings	1669313643673	1669313657576	OK	 
USER	Add Sensor Readings	END	1669313657577
REQUEST		add readings	1669313643638	1669313657703	OK	 
USER	Add Sensor Readings	END	1669313657705
REQUEST		add readings	1669313643645	1669313657743	OK	 
USER	Add Sensor Readings	END	1669313657744
REQUEST		add readings	1669313643660	1669313657771	OK	 
REQUEST		add readings	1669313643629	1669313657813	OK	 
USER	Add Sensor Readings	END	1669313657815
USER	Add Sensor Readings	END	1669313657819
REQUEST		add readings	1669313643628	1669313657824	OK	 
USER	Add Sensor Readings	END	1669313657825
REQUEST		add readings	1669313643632	1669313657835	OK	 
USER	Add Sensor Readings	END	1669313657837
REQUEST		add readings	1669313643641	1669313657841	OK	 
USER	Add Sensor Readings	END	1669313657842
REQUEST		add readings	1669313643650	1669313657880	OK	 
USER	Add Sensor Readings	END	1669313657884
REQUEST		add readings	1669313643664	1669313657892	OK	 
USER	Add Sensor Readings	END	1669313657893
REQUEST		add readings	1669313643611	1669313658050	OK	 
USER	Add Sensor Readings	END	1669313658051
REQUEST		add readings	1669313643633	1669313658123	OK	 
USER	Add Sensor Readings	END	1669313658126
REQUEST		add readings	1669313643646	1669313658138	OK	 
REQUEST		add readings	1669313643649	1669313658138	OK	 
USER	Add Sensor Readings	END	1669313658139
USER	Add Sensor Readings	END	1669313658139
REQUEST		add readings	1669313643611	1669313658139	OK	 
USER	Add Sensor Readings	END	1669313658140
REQUEST		add readings	1669313643630	1669313658140	OK	 
USER	Add Sensor Readings	END	1669313658140
REQUEST		add readings	1669313643670	1669313658184	OK	 
USER	Add Sensor Readings	END	1669313658185
REQUEST		add readings	1669313643631	1669313658205	OK	 
USER	Add Sensor Readings	END	1669313658205
REQUEST		add readings	1669313643648	1669313658267	OK	 
USER	Add Sensor Readings	END	1669313658268
REQUEST		add readings	1669313643649	1669313658274	OK	 
USER	Add Sensor Readings	END	1669313658275
REQUEST		add readings	1669313643644	1669313658624	OK	 
USER	Add Sensor Readings	END	1669313658625
REQUEST		add readings	1669313643651	1669313658629	OK	 
USER	Add Sensor Readings	END	1669313658630
REQUEST		add readings	1669313643630	1669313658664	OK	 
USER	Add Sensor Readings	END	1669313658665
REQUEST		add readings	1669313643647	1669313658672	OK	 
USER	Add Sensor Readings	END	1669313658673
REQUEST		add readings	1669313643634	1669313658695	OK	 
USER	Add Sensor Readings	END	1669313658696
REQUEST		add readings	1669313643643	1669313658735	OK	 
USER	Add Sensor Readings	END	1669313658736
REQUEST		add readings	1669313643648	1669313658747	OK	 
USER	Add Sensor Readings	END	1669313658748
REQUEST		add readings	1669313643651	1669313658770	OK	 
USER	Add Sensor Readings	END	1669313658771
REQUEST		add readings	1669313643641	1669313658804	OK	 
USER	Add Sensor Readings	END	1669313658805
REQUEST		add readings	1669313643621	1669313658823	OK	 
USER	Add Sensor Readings	END	1669313658825
REQUEST		add readings	1669313643641	1669313658837	OK	 
REQUEST		add readings	1669313643649	1669313658837	OK	 
USER	Add Sensor Readings	END	1669313658837
USER	Add Sensor Readings	END	1669313658837
REQUEST		add readings	1669313643660	1669313658884	OK	 
USER	Add Sensor Readings	END	1669313658885
REQUEST		add readings	1669313643645	1669313658887	OK	 
USER	Add Sensor Readings	END	1669313658890
REQUEST		add readings	1669313643641	1669313658920	OK	 
REQUEST		add readings	1669313643661	1669313658921	OK	 
REQUEST		add readings	1669313643647	1669313658920	OK	 
USER	Add Sensor Readings	END	1669313658921
USER	Add Sensor Readings	END	1669313658921
USER	Add Sensor Readings	END	1669313658921
REQUEST		add readings	1669313643641	1669313658943	OK	 
USER	Add Sensor Readings	END	1669313658944
REQUEST		add readings	1669313643648	1669313658956	OK	 
REQUEST		add readings	1669313643645	1669313658956	OK	 
USER	Add Sensor Readings	END	1669313658957
USER	Add Sensor Readings	END	1669313658961
REQUEST		add readings	1669313643627	1669313658965	OK	 
USER	Add Sensor Readings	END	1669313658965
REQUEST		add readings	1669313643647	1669313658974	OK	 
USER	Add Sensor Readings	END	1669313658976
REQUEST		add readings	1669313643647	1669313658980	OK	 
USER	Add Sensor Readings	END	1669313658982
REQUEST		add readings	1669313643636	1669313659009	OK	 
USER	Add Sensor Readings	END	1669313659010
REQUEST		add readings	1669313643661	1669313659019	OK	 
USER	Add Sensor Readings	END	1669313659020
REQUEST		add readings	1669313643641	1669313659385	OK	 
USER	Add Sensor Readings	END	1669313659386
REQUEST		add readings	1669313643638	1669313659427	OK	 
REQUEST		add readings	1669313643648	1669313659427	OK	 
USER	Add Sensor Readings	END	1669313659428
USER	Add Sensor Readings	END	1669313659428
REQUEST		add readings	1669313643648	1669313659432	OK	 
USER	Add Sensor Readings	END	1669313659432
REQUEST		add readings	1669313643625	1669313659491	OK	 
USER	Add Sensor Readings	END	1669313659492
REQUEST		add readings	1669313643642	1669313659498	OK	 
USER	Add Sensor Readings	END	1669313659499
REQUEST		add readings	1669313643644	1669313659507	OK	 
USER	Add Sensor Readings	END	1669313659508
REQUEST		add readings	1669313643640	1669313659511	OK	 
USER	Add Sensor Readings	END	1669313659513
REQUEST		add readings	1669313643642	1669313659571	OK	 
REQUEST		add readings	1669313643636	1669313659572	OK	 
USER	Add Sensor Readings	END	1669313659573
USER	Add Sensor Readings	END	1669313659573
REQUEST		add readings	1669313643664	1669313659578	OK	 
USER	Add Sensor Readings	END	1669313659580
REQUEST		add readings	1669313643643	1669313659641	OK	 
USER	Add Sensor Readings	END	1669313659642
REQUEST		add readings	1669313643648	1669313659657	OK	 
REQUEST		add readings	1669313643633	1669313659657	OK	 
REQUEST		add readings	1669313643647	1669313659657	OK	 
REQUEST		add readings	1669313643646	1669313659657	OK	 
USER	Add Sensor Readings	END	1669313659658
USER	Add Sensor Readings	END	1669313659658
USER	Add Sensor Readings	END	1669313659658
USER	Add Sensor Readings	END	1669313659658
REQUEST		add readings	1669313643661	1669313659809	OK	 
USER	Add Sensor Readings	END	1669313659809
REQUEST		add readings	1669313643655	1669313659892	OK	 
REQUEST		add readings	1669313643644	1669313659892	OK	 
REQUEST		add readings	1669313643630	1669313659893	OK	 
USER	Add Sensor Readings	END	1669313659893
USER	Add Sensor Readings	END	1669313659893
USER	Add Sensor Readings	END	1669313659895
REQUEST		add readings	1669313643644	1669313660089	OK	 
USER	Add Sensor Readings	END	1669313660090
REQUEST		add readings	1669313643657	1669313660164	OK	 
REQUEST		add readings	1669313643641	1669313660164	OK	 
REQUEST		add readings	1669313643642	1669313660164	OK	 
REQUEST		add readings	1669313643630	1669313660164	OK	 
USER	Add Sensor Readings	END	1669313660165
USER	Add Sensor Readings	END	1669313660165
USER	Add Sensor Readings	END	1669313660165
USER	Add Sensor Readings	END	1669313660165
REQUEST		add readings	1669313643662	1669313660174	OK	 
USER	Add Sensor Readings	END	1669313660175
REQUEST		add readings	1669313643636	1669313660234	OK	 
USER	Add Sensor Readings	END	1669313660235
REQUEST		add readings	1669313643669	1669313660239	OK	 
REQUEST		add readings	1669313643645	1669313660239	OK	 
USER	Add Sensor Readings	END	1669313660240
USER	Add Sensor Readings	END	1669313660240
REQUEST		add readings	1669313643646	1669313660310	OK	 
REQUEST		add readings	1669313643644	1669313660310	OK	 
USER	Add Sensor Readings	END	1669313660310
USER	Add Sensor Readings	END	1669313660311
REQUEST		add readings	1669313643652	1669313660314	OK	 
USER	Add Sensor Readings	END	1669313660321
REQUEST		add readings	1669313643663	1669313660365	OK	 
USER	Add Sensor Readings	END	1669313660366
REQUEST		add readings	1669313643648	1669313660526	OK	 
USER	Add Sensor Readings	END	1669313660527
REQUEST		add readings	1669313643649	1669313660661	OK	 
USER	Add Sensor Readings	END	1669313660664
REQUEST		add readings	1669313643662	1669313660768	OK	 
USER	Add Sensor Readings	END	1669313660772
REQUEST		add readings	1669313643648	1669313660781	OK	 
REQUEST		add readings	1669313643658	1669313660781	OK	 
USER	Add Sensor Readings	END	1669313660785
USER	Add Sensor Readings	END	1669313660786
REQUEST		add readings	1669313643655	1669313660804	OK	 
USER	Add Sensor Readings	END	1669313660806
REQUEST		add readings	1669313643650	1669313660840	OK	 
USER	Add Sensor Readings	END	1669313660842
REQUEST		add readings	1669313643649	1669313660853	OK	 
USER	Add Sensor Readings	END	1669313660856
REQUEST		add readings	1669313643663	1669313660868	OK	 
USER	Add Sensor Readings	END	1669313660870
REQUEST		add readings	1669313643652	1669313660934	OK	 
USER	Add Sensor Readings	END	1669313660938
REQUEST		add readings	1669313643645	1669313660989	OK	 
USER	Add Sensor Readings	END	1669313660991
REQUEST		add readings	1669313643645	1669313661009	OK	 
USER	Add Sensor Readings	END	1669313661010
REQUEST		add readings	1669313643646	1669313661043	OK	 
USER	Add Sensor Readings	END	1669313661047
REQUEST		add readings	1669313643661	1669313661065	OK	 
REQUEST		add readings	1669313643658	1669313661063	OK	 
USER	Add Sensor Readings	END	1669313661072
USER	Add Sensor Readings	END	1669313661077
REQUEST		add readings	1669313643643	1669313661080	OK	 
REQUEST		add readings	1669313643674	1669313661090	OK	 
REQUEST		add readings	1669313643653	1669313661092	OK	 
USER	Add Sensor Readings	END	1669313661091
REQUEST		add readings	1669313643648	1669313661100	OK	 
USER	Add Sensor Readings	END	1669313661113
USER	Add Sensor Readings	END	1669313661123
REQUEST		add readings	1669313643662	1669313661131	OK	 
USER	Add Sensor Readings	END	1669313661132
REQUEST		add readings	1669313643625	1669313661135	OK	 
USER	Add Sensor Readings	END	1669313661134
USER	Add Sensor Readings	END	1669313661138
REQUEST		add readings	1669313643659	1669313661153	OK	 
REQUEST		add readings	1669313643634	1669313661152	OK	 
REQUEST		add readings	1669313643671	1669313661156	OK	 
USER	Add Sensor Readings	END	1669313661158
USER	Add Sensor Readings	END	1669313661158
REQUEST		add readings	1669313643642	1669313661159	OK	 
USER	Add Sensor Readings	END	1669313661160
USER	Add Sensor Readings	END	1669313661162
REQUEST		add readings	1669313643655	1669313661154	OK	 
REQUEST		add readings	1669313643648	1669313661154	OK	 
REQUEST		add readings	1669313643636	1669313661167	OK	 
USER	Add Sensor Readings	END	1669313661166
USER	Add Sensor Readings	END	1669313661166
USER	Add Sensor Readings	END	1669313661168
REQUEST		add readings	1669313643637	1669313661280	OK	 
REQUEST		add readings	1669313643653	1669313661282	OK	 
USER	Add Sensor Readings	END	1669313661281
USER	Add Sensor Readings	END	1669313661282
REQUEST		add readings	1669313643653	1669313661283	OK	 
USER	Add Sensor Readings	END	1669313661286
REQUEST		add readings	1669313643671	1669313661286	OK	 
USER	Add Sensor Readings	END	1669313661288
REQUEST		add readings	1669313643655	1669313661298	OK	 
REQUEST		add readings	1669313643654	1669313661298	OK	 
REQUEST		add readings	1669313643661	1669313661298	OK	 
USER	Add Sensor Readings	END	1669313661299
USER	Add Sensor Readings	END	1669313661300
USER	Add Sensor Readings	END	1669313661302
REQUEST		add readings	1669313643650	1669313661314	OK	 
USER	Add Sensor Readings	END	1669313661315
REQUEST		add readings	1669313643673	1669313661384	OK	 
USER	Add Sensor Readings	END	1669313661385
REQUEST		add readings	1669313643651	1669313661385	OK	 
USER	Add Sensor Readings	END	1669313661388
REQUEST		add readings	1669313643650	1669313661473	OK	 
REQUEST		add readings	1669313643648	1669313661473	OK	 
REQUEST		add readings	1669313643651	1669313661473	OK	 
REQUEST		add readings	1669313643655	1669313661473	OK	 
REQUEST		add readings	1669313643636	1669313661474	OK	 
USER	Add Sensor Readings	END	1669313661474
USER	Add Sensor Readings	END	1669313661474
USER	Add Sensor Readings	END	1669313661474
USER	Add Sensor Readings	END	1669313661474
REQUEST		add readings	1669313643646	1669313661474	OK	 
USER	Add Sensor Readings	END	1669313661474
REQUEST		add readings	1669313643670	1669313661475	OK	 
REQUEST		add readings	1669313643633	1669313661475	OK	 
REQUEST		add readings	1669313643645	1669313661475	OK	 
REQUEST		add readings	1669313643664	1669313661475	OK	 
USER	Add Sensor Readings	END	1669313661475
USER	Add Sensor Readings	END	1669313661475
USER	Add Sensor Readings	END	1669313661475
USER	Add Sensor Readings	END	1669313661475
USER	Add Sensor Readings	END	1669313661476
REQUEST		add readings	1669313643652	1669313661652	OK	 
USER	Add Sensor Readings	END	1669313661659
REQUEST		add readings	1669313643652	1669313661726	OK	 
USER	Add Sensor Readings	END	1669313661731
REQUEST		add readings	1669313643643	1669313661733	OK	 
REQUEST		add readings	1669313643652	1669313661734	OK	 
REQUEST		add readings	1669313643667	1669313661734	OK	 
USER	Add Sensor Readings	END	1669313661734
USER	Add Sensor Readings	END	1669313661734
USER	Add Sensor Readings	END	1669313661735
REQUEST		add readings	1669313643649	1669313661794	OK	 
USER	Add Sensor Readings	END	1669313661797
REQUEST		add readings	1669313643672	1669313661871	OK	 
REQUEST		add readings	1669313643647	1669313661871	OK	 
USER	Add Sensor Readings	END	1669313661875
USER	Add Sensor Readings	END	1669313661875
REQUEST		add readings	1669313643658	1669313661943	OK	 
USER	Add Sensor Readings	END	1669313661944
REQUEST		add readings	1669313643646	1669313661945	OK	 
USER	Add Sensor Readings	END	1669313661949
REQUEST		add readings	1669313643653	1669313662094	OK	 
REQUEST		add readings	1669313643656	1669313662094	OK	 
REQUEST		add readings	1669313643659	1669313662094	OK	 
USER	Add Sensor Readings	END	1669313662095
USER	Add Sensor Readings	END	1669313662095
USER	Add Sensor Readings	END	1669313662095
REQUEST		add readings	1669313643660	1669313662099	OK	 
USER	Add Sensor Readings	END	1669313662100
REQUEST		add readings	1669313643667	1669313662162	OK	 
USER	Add Sensor Readings	END	1669313662163
REQUEST		add readings	1669313643658	1669313662168	OK	 
USER	Add Sensor Readings	END	1669313662169
REQUEST		add readings	1669313643664	1669313662173	OK	 
REQUEST		add readings	1669313643656	1669313662174	OK	 
USER	Add Sensor Readings	END	1669313662175
USER	Add Sensor Readings	END	1669313662175
REQUEST		add readings	1669313643673	1669313662198	OK	 
USER	Add Sensor Readings	END	1669313662200
REQUEST		add readings	1669313643663	1669313662296	OK	 
USER	Add Sensor Readings	END	1669313662297
