RUN	simulations.SensorReadingsAPISimulations	sensorreadingsapisimulations	1669313887931	test	3.6.1
USER	Add Sensor Readings	START	1669313888896
USER	Add Sensor Readings	START	1669313888908
USER	Add Sensor Readings	START	1669313888896
USER	Add Sensor Readings	START	1669313888907
USER	Add Sensor Readings	START	1669313888905
USER	Add Sensor Readings	START	1669313888895
USER	Add Sensor Readings	START	1669313888932
USER	Add Sensor Readings	START	1669313888895
USER	Add Sensor Readings	START	1669313888933
USER	Add Sensor Readings	START	1669313888933
USER	Add Sensor Readings	START	1669313888933
USER	Add Sensor Readings	START	1669313888906
USER	Add Sensor Readings	START	1669313888896
USER	Add Sensor Readings	START	1669313888932
USER	Add Sensor Readings	START	1669313888932
USER	Add Sensor Readings	START	1669313888907
USER	Add Sensor Readings	START	1669313888934
USER	Add Sensor Readings	START	1669313888934
USER	Add Sensor Readings	START	1669313888934
USER	Add Sensor Readings	START	1669313888934
USER	Add Sensor Readings	START	1669313888934
USER	Add Sensor Readings	START	1669313888934
USER	Add Sensor Readings	START	1669313888935
USER	Add Sensor Readings	START	1669313888935
USER	Add Sensor Readings	START	1669313888933
USER	Add Sensor Readings	START	1669313888933
USER	Add Sensor Readings	START	1669313888935
USER	Add Sensor Readings	START	1669313888904
USER	Add Sensor Readings	START	1669313888935
USER	Add Sensor Readings	START	1669313888932
USER	Add Sensor Readings	START	1669313888935
USER	Add Sensor Readings	START	1669313888936
USER	Add Sensor Readings	START	1669313888936
USER	Add Sensor Readings	START	1669313888935
USER	Add Sensor Readings	START	1669313888933
USER	Add Sensor Readings	START	1669313888936
USER	Add Sensor Readings	START	1669313888936
USER	Add Sensor Readings	START	1669313888935
USER	Add Sensor Readings	START	1669313888936
USER	Add Sensor Readings	START	1669313888936
USER	Add Sensor Readings	START	1669313888895
USER	Add Sensor Readings	START	1669313888937
USER	Add Sensor Readings	START	1669313888936
USER	Add Sensor Readings	START	1669313888905
USER	Add Sensor Readings	START	1669313888938
USER	Add Sensor Readings	START	1669313888936
USER	Add Sensor Readings	START	1669313888933
USER	Add Sensor Readings	START	1669313888938
USER	Add Sensor Readings	START	1669313888938
USER	Add Sensor Readings	START	1669313888933
USER	Add Sensor Readings	START	1669313888939
USER	Add Sensor Readings	START	1669313888939
USER	Add Sensor Readings	START	1669313888939
USER	Add Sensor Readings	START	1669313888939
USER	Add Sensor Readings	START	1669313888938
USER	Add Sensor Readings	START	1669313888939
USER	Add Sensor Readings	START	1669313888937
USER	Add Sensor Readings	START	1669313888936
USER	Add Sensor Readings	START	1669313888940
USER	Add Sensor Readings	START	1669313888940
USER	Add Sensor Readings	START	1669313888936
USER	Add Sensor Readings	START	1669313888937
USER	Add Sensor Readings	START	1669313888941
USER	Add Sensor Readings	START	1669313888934
USER	Add Sensor Readings	START	1669313888941
USER	Add Sensor Readings	START	1669313888939
USER	Add Sensor Readings	START	1669313888939
USER	Add Sensor Readings	START	1669313888941
USER	Add Sensor Readings	START	1669313888903
USER	Add Sensor Readings	START	1669313888941
USER	Add Sensor Readings	START	1669313888941
USER	Add Sensor Readings	START	1669313888940
USER	Add Sensor Readings	START	1669313888942
USER	Add Sensor Readings	START	1669313888896
USER	Add Sensor Readings	START	1669313888942
USER	Add Sensor Readings	START	1669313888943
USER	Add Sensor Readings	START	1669313888943
USER	Add Sensor Readings	START	1669313888942
USER	Add Sensor Readings	START	1669313888943
USER	Add Sensor Readings	START	1669313888940
USER	Add Sensor Readings	START	1669313888940
USER	Add Sensor Readings	START	1669313888943
USER	Add Sensor Readings	START	1669313888944
USER	Add Sensor Readings	START	1669313888944
USER	Add Sensor Readings	START	1669313888937
USER	Add Sensor Readings	START	1669313888943
USER	Add Sensor Readings	START	1669313888944
USER	Add Sensor Readings	START	1669313888942
USER	Add Sensor Readings	START	1669313888943
USER	Add Sensor Readings	START	1669313888944
USER	Add Sensor Readings	START	1669313888944
USER	Add Sensor Readings	START	1669313888945
USER	Add Sensor Readings	START	1669313888945
USER	Add Sensor Readings	START	1669313888945
USER	Add Sensor Readings	START	1669313888945
USER	Add Sensor Readings	START	1669313888945
USER	Add Sensor Readings	START	1669313888945
USER	Add Sensor Readings	START	1669313888946
USER	Add Sensor Readings	START	1669313888946
USER	Add Sensor Readings	START	1669313888946
USER	Add Sensor Readings	START	1669313888946
USER	Add Sensor Readings	START	1669313888945
USER	Add Sensor Readings	START	1669313888946
USER	Add Sensor Readings	START	1669313888947
USER	Add Sensor Readings	START	1669313888943
USER	Add Sensor Readings	START	1669313888947
USER	Add Sensor Readings	START	1669313888947
USER	Add Sensor Readings	START	1669313888945
USER	Add Sensor Readings	START	1669313888947
USER	Add Sensor Readings	START	1669313888947
USER	Add Sensor Readings	START	1669313888947
USER	Add Sensor Readings	START	1669313888947
USER	Add Sensor Readings	START	1669313888948
USER	Add Sensor Readings	START	1669313888948
USER	Add Sensor Readings	START	1669313888938
USER	Add Sensor Readings	START	1669313888948
USER	Add Sensor Readings	START	1669313888896
USER	Add Sensor Readings	START	1669313888948
USER	Add Sensor Readings	START	1669313888948
USER	Add Sensor Readings	START	1669313888948
USER	Add Sensor Readings	START	1669313888948
USER	Add Sensor Readings	START	1669313888936
USER	Add Sensor Readings	START	1669313888949
USER	Add Sensor Readings	START	1669313888937
USER	Add Sensor Readings	START	1669313888948
USER	Add Sensor Readings	START	1669313888946
USER	Add Sensor Readings	START	1669313888950
USER	Add Sensor Readings	START	1669313888950
USER	Add Sensor Readings	START	1669313888950
USER	Add Sensor Readings	START	1669313888950
USER	Add Sensor Readings	START	1669313888950
USER	Add Sensor Readings	START	1669313888949
USER	Add Sensor Readings	START	1669313888950
USER	Add Sensor Readings	START	1669313888950
USER	Add Sensor Readings	START	1669313888949
USER	Add Sensor Readings	START	1669313888949
USER	Add Sensor Readings	START	1669313888951
USER	Add Sensor Readings	START	1669313888951
USER	Add Sensor Readings	START	1669313888951
USER	Add Sensor Readings	START	1669313888951
USER	Add Sensor Readings	START	1669313888951
USER	Add Sensor Readings	START	1669313888951
USER	Add Sensor Readings	START	1669313888948
USER	Add Sensor Readings	START	1669313888951
USER	Add Sensor Readings	START	1669313888952
USER	Add Sensor Readings	START	1669313888952
USER	Add Sensor Readings	START	1669313888952
USER	Add Sensor Readings	START	1669313888940
USER	Add Sensor Readings	START	1669313888952
USER	Add Sensor Readings	START	1669313888950
USER	Add Sensor Readings	START	1669313888952
USER	Add Sensor Readings	START	1669313888952
USER	Add Sensor Readings	START	1669313888953
USER	Add Sensor Readings	START	1669313888953
USER	Add Sensor Readings	START	1669313888953
USER	Add Sensor Readings	START	1669313888953
USER	Add Sensor Readings	START	1669313888953
USER	Add Sensor Readings	START	1669313888953
USER	Add Sensor Readings	START	1669313888954
USER	Add Sensor Readings	START	1669313888954
USER	Add Sensor Readings	START	1669313888954
USER	Add Sensor Readings	START	1669313888954
USER	Add Sensor Readings	START	1669313888954
USER	Add Sensor Readings	START	1669313888941
USER	Add Sensor Readings	START	1669313888954
USER	Add Sensor Readings	START	1669313888955
USER	Add Sensor Readings	START	1669313888955
USER	Add Sensor Readings	START	1669313888955
USER	Add Sensor Readings	START	1669313888955
USER	Add Sensor Readings	START	1669313888955
USER	Add Sensor Readings	START	1669313888952
USER	Add Sensor Readings	START	1669313888952
USER	Add Sensor Readings	START	1669313888955
USER	Add Sensor Readings	START	1669313888942
USER	Add Sensor Readings	START	1669313888956
USER	Add Sensor Readings	START	1669313888956
USER	Add Sensor Readings	START	1669313888956
USER	Add Sensor Readings	START	1669313888955
USER	Add Sensor Readings	START	1669313888957
USER	Add Sensor Readings	START	1669313888957
USER	Add Sensor Readings	START	1669313888957
USER	Add Sensor Readings	START	1669313888957
USER	Add Sensor Readings	START	1669313888958
USER	Add Sensor Readings	START	1669313888957
USER	Add Sensor Readings	START	1669313888958
USER	Add Sensor Readings	START	1669313888958
USER	Add Sensor Readings	START	1669313888958
USER	Add Sensor Readings	START	1669313888956
USER	Add Sensor Readings	START	1669313888959
USER	Add Sensor Readings	START	1669313888959
USER	Add Sensor Readings	START	1669313888959
USER	Add Sensor Readings	START	1669313888959
USER	Add Sensor Readings	START	1669313888959
USER	Add Sensor Readings	START	1669313888959
USER	Add Sensor Readings	START	1669313888959
USER	Add Sensor Readings	START	1669313888959
USER	Add Sensor Readings	START	1669313888959
USER	Add Sensor Readings	START	1669313888960
USER	Add Sensor Readings	START	1669313888960
USER	Add Sensor Readings	START	1669313888960
USER	Add Sensor Readings	START	1669313888960
USER	Add Sensor Readings	START	1669313888959
USER	Add Sensor Readings	START	1669313888943
USER	Add Sensor Readings	START	1669313888960
USER	Add Sensor Readings	START	1669313888960
USER	Add Sensor Readings	START	1669313888960
USER	Add Sensor Readings	START	1669313888960
USER	Add Sensor Readings	START	1669313888961
USER	Add Sensor Readings	START	1669313888961
USER	Add Sensor Readings	START	1669313888961
USER	Add Sensor Readings	START	1669313888958
USER	Add Sensor Readings	START	1669313888960
USER	Add Sensor Readings	START	1669313888944
USER	Add Sensor Readings	START	1669313888946
USER	Add Sensor Readings	START	1669313888962
USER	Add Sensor Readings	START	1669313888962
USER	Add Sensor Readings	START	1669313888962
USER	Add Sensor Readings	START	1669313888962
USER	Add Sensor Readings	START	1669313888963
USER	Add Sensor Readings	START	1669313888962
USER	Add Sensor Readings	START	1669313888963
USER	Add Sensor Readings	START	1669313888962
USER	Add Sensor Readings	START	1669313888963
USER	Add Sensor Readings	START	1669313888964
USER	Add Sensor Readings	START	1669313888964
USER	Add Sensor Readings	START	1669313888963
USER	Add Sensor Readings	START	1669313888964
USER	Add Sensor Readings	START	1669313888964
USER	Add Sensor Readings	START	1669313888964
USER	Add Sensor Readings	START	1669313888965
USER	Add Sensor Readings	START	1669313888963
USER	Add Sensor Readings	START	1669313888965
USER	Add Sensor Readings	START	1669313888965
USER	Add Sensor Readings	START	1669313888949
USER	Add Sensor Readings	START	1669313888965
USER	Add Sensor Readings	START	1669313888965
USER	Add Sensor Readings	START	1669313888965
USER	Add Sensor Readings	START	1669313888965
USER	Add Sensor Readings	START	1669313888965
USER	Add Sensor Readings	START	1669313888966
USER	Add Sensor Readings	START	1669313888966
USER	Add Sensor Readings	START	1669313888966
USER	Add Sensor Readings	START	1669313888950
USER	Add Sensor Readings	START	1669313888966
USER	Add Sensor Readings	START	1669313888967
USER	Add Sensor Readings	START	1669313888967
USER	Add Sensor Readings	START	1669313888967
USER	Add Sensor Readings	START	1669313888967
USER	Add Sensor Readings	START	1669313888967
USER	Add Sensor Readings	START	1669313888968
USER	Add Sensor Readings	START	1669313888968
USER	Add Sensor Readings	START	1669313888968
USER	Add Sensor Readings	START	1669313888968
USER	Add Sensor Readings	START	1669313888951
USER	Add Sensor Readings	START	1669313888968
USER	Add Sensor Readings	START	1669313888968
USER	Add Sensor Readings	START	1669313888968
USER	Add Sensor Readings	START	1669313888969
USER	Add Sensor Readings	START	1669313888952
USER	Add Sensor Readings	START	1669313888969
USER	Add Sensor Readings	START	1669313888970
USER	Add Sensor Readings	START	1669313888970
USER	Add Sensor Readings	START	1669313888952
USER	Add Sensor Readings	START	1669313888952
USER	Add Sensor Readings	START	1669313888957
USER	Add Sensor Readings	START	1669313888970
USER	Add Sensor Readings	START	1669313888970
USER	Add Sensor Readings	START	1669313888971
USER	Add Sensor Readings	START	1669313888970
USER	Add Sensor Readings	START	1669313888971
USER	Add Sensor Readings	START	1669313888957
USER	Add Sensor Readings	START	1669313888971
USER	Add Sensor Readings	START	1669313888971
USER	Add Sensor Readings	START	1669313888971
USER	Add Sensor Readings	START	1669313888972
USER	Add Sensor Readings	START	1669313888971
USER	Add Sensor Readings	START	1669313888972
USER	Add Sensor Readings	START	1669313888972
USER	Add Sensor Readings	START	1669313888971
USER	Add Sensor Readings	START	1669313888972
USER	Add Sensor Readings	START	1669313888972
USER	Add Sensor Readings	START	1669313888960
USER	Add Sensor Readings	START	1669313888972
USER	Add Sensor Readings	START	1669313888972
USER	Add Sensor Readings	START	1669313888972
USER	Add Sensor Readings	START	1669313888973
USER	Add Sensor Readings	START	1669313888973
USER	Add Sensor Readings	START	1669313888972
USER	Add Sensor Readings	START	1669313888973
USER	Add Sensor Readings	START	1669313888963
USER	Add Sensor Readings	START	1669313888973
USER	Add Sensor Readings	START	1669313888974
USER	Add Sensor Readings	START	1669313888974
USER	Add Sensor Readings	START	1669313888974
USER	Add Sensor Readings	START	1669313888973
USER	Add Sensor Readings	START	1669313888973
USER	Add Sensor Readings	START	1669313888973
USER	Add Sensor Readings	START	1669313888973
USER	Add Sensor Readings	START	1669313888974
USER	Add Sensor Readings	START	1669313888974
USER	Add Sensor Readings	START	1669313888963
USER	Add Sensor Readings	START	1669313888975
USER	Add Sensor Readings	START	1669313888974
USER	Add Sensor Readings	START	1669313888975
USER	Add Sensor Readings	START	1669313888964
USER	Add Sensor Readings	START	1669313888974
USER	Add Sensor Readings	START	1669313888976
USER	Add Sensor Readings	START	1669313888976
USER	Add Sensor Readings	START	1669313888976
USER	Add Sensor Readings	START	1669313888976
USER	Add Sensor Readings	START	1669313888976
USER	Add Sensor Readings	START	1669313888965
USER	Add Sensor Readings	START	1669313888977
USER	Add Sensor Readings	START	1669313888977
USER	Add Sensor Readings	START	1669313888977
USER	Add Sensor Readings	START	1669313888977
USER	Add Sensor Readings	START	1669313888977
USER	Add Sensor Readings	START	1669313888977
USER	Add Sensor Readings	START	1669313888977
USER	Add Sensor Readings	START	1669313888978
USER	Add Sensor Readings	START	1669313888978
USER	Add Sensor Readings	START	1669313888976
USER	Add Sensor Readings	START	1669313888979
USER	Add Sensor Readings	START	1669313888966
USER	Add Sensor Readings	START	1669313888979
USER	Add Sensor Readings	START	1669313888979
USER	Add Sensor Readings	START	1669313888977
USER	Add Sensor Readings	START	1669313888979
USER	Add Sensor Readings	START	1669313888979
USER	Add Sensor Readings	START	1669313888980
USER	Add Sensor Readings	START	1669313888980
USER	Add Sensor Readings	START	1669313888980
USER	Add Sensor Readings	START	1669313888978
USER	Add Sensor Readings	START	1669313888966
USER	Add Sensor Readings	START	1669313888980
USER	Add Sensor Readings	START	1669313888967
USER	Add Sensor Readings	START	1669313888980
USER	Add Sensor Readings	START	1669313888981
USER	Add Sensor Readings	START	1669313888981
USER	Add Sensor Readings	START	1669313888981
USER	Add Sensor Readings	START	1669313888981
USER	Add Sensor Readings	START	1669313888980
USER	Add Sensor Readings	START	1669313888968
USER	Add Sensor Readings	START	1669313888969
USER	Add Sensor Readings	START	1669313888970
USER	Add Sensor Readings	START	1669313888970
USER	Add Sensor Readings	START	1669313888975
USER	Add Sensor Readings	START	1669313888975
USER	Add Sensor Readings	START	1669313888981
USER	Add Sensor Readings	START	1669313888983
USER	Add Sensor Readings	START	1669313888983
USER	Add Sensor Readings	START	1669313888982
USER	Add Sensor Readings	START	1669313888985
USER	Add Sensor Readings	START	1669313888985
USER	Add Sensor Readings	START	1669313888985
USER	Add Sensor Readings	START	1669313888985
USER	Add Sensor Readings	START	1669313888986
USER	Add Sensor Readings	START	1669313888986
USER	Add Sensor Readings	START	1669313888984
USER	Add Sensor Readings	START	1669313888986
USER	Add Sensor Readings	START	1669313888982
USER	Add Sensor Readings	START	1669313888986
USER	Add Sensor Readings	START	1669313888983
USER	Add Sensor Readings	START	1669313888980
USER	Add Sensor Readings	START	1669313888986
USER	Add Sensor Readings	START	1669313888986
USER	Add Sensor Readings	START	1669313888984
USER	Add Sensor Readings	START	1669313888983
USER	Add Sensor Readings	START	1669313888974
USER	Add Sensor Readings	START	1669313888982
USER	Add Sensor Readings	START	1669313888975
USER	Add Sensor Readings	START	1669313888987
USER	Add Sensor Readings	START	1669313888989
USER	Add Sensor Readings	START	1669313888987
USER	Add Sensor Readings	START	1669313888979
USER	Add Sensor Readings	START	1669313888980
USER	Add Sensor Readings	START	1669313888987
USER	Add Sensor Readings	START	1669313888993
USER	Add Sensor Readings	START	1669313888980
USER	Add Sensor Readings	START	1669313888996
USER	Add Sensor Readings	START	1669313888996
USER	Add Sensor Readings	START	1669313888997
USER	Add Sensor Readings	START	1669313888997
USER	Add Sensor Readings	START	1669313888997
USER	Add Sensor Readings	START	1669313888996
USER	Add Sensor Readings	START	1669313888997
USER	Add Sensor Readings	START	1669313888999
USER	Add Sensor Readings	START	1669313888999
USER	Add Sensor Readings	START	1669313888984
USER	Add Sensor Readings	START	1669313888996
USER	Add Sensor Readings	START	1669313888999
USER	Add Sensor Readings	START	1669313889000
USER	Add Sensor Readings	START	1669313889000
USER	Add Sensor Readings	START	1669313889001
USER	Add Sensor Readings	START	1669313889002
USER	Add Sensor Readings	START	1669313889002
USER	Add Sensor Readings	START	1669313889003
USER	Add Sensor Readings	START	1669313889000
USER	Add Sensor Readings	START	1669313889001
USER	Add Sensor Readings	START	1669313889004
USER	Add Sensor Readings	START	1669313889004
USER	Add Sensor Readings	START	1669313889004
USER	Add Sensor Readings	START	1669313889005
USER	Add Sensor Readings	START	1669313889005
USER	Add Sensor Readings	START	1669313889005
USER	Add Sensor Readings	START	1669313888988
USER	Add Sensor Readings	START	1669313889003
USER	Add Sensor Readings	START	1669313889006
USER	Add Sensor Readings	START	1669313889006
USER	Add Sensor Readings	START	1669313888996
USER	Add Sensor Readings	START	1669313888998
USER	Add Sensor Readings	START	1669313888986
USER	Add Sensor Readings	START	1669313889007
USER	Add Sensor Readings	START	1669313889007
USER	Add Sensor Readings	START	1669313889007
USER	Add Sensor Readings	START	1669313889007
USER	Add Sensor Readings	START	1669313889007
USER	Add Sensor Readings	START	1669313889007
USER	Add Sensor Readings	START	1669313889006
USER	Add Sensor Readings	START	1669313889008
USER	Add Sensor Readings	START	1669313889003
USER	Add Sensor Readings	START	1669313888986
USER	Add Sensor Readings	START	1669313889006
USER	Add Sensor Readings	START	1669313889009
USER	Add Sensor Readings	START	1669313889010
USER	Add Sensor Readings	START	1669313889010
USER	Add Sensor Readings	START	1669313889006
USER	Add Sensor Readings	START	1669313889011
USER	Add Sensor Readings	START	1669313889012
USER	Add Sensor Readings	START	1669313889011
USER	Add Sensor Readings	START	1669313889012
USER	Add Sensor Readings	START	1669313889007
USER	Add Sensor Readings	START	1669313889012
USER	Add Sensor Readings	START	1669313889013
USER	Add Sensor Readings	START	1669313889013
USER	Add Sensor Readings	START	1669313889008
USER	Add Sensor Readings	START	1669313889014
USER	Add Sensor Readings	START	1669313889014
USER	Add Sensor Readings	START	1669313889015
USER	Add Sensor Readings	START	1669313889013
USER	Add Sensor Readings	START	1669313889015
USER	Add Sensor Readings	START	1669313889015
USER	Add Sensor Readings	START	1669313889015
USER	Add Sensor Readings	START	1669313889013
USER	Add Sensor Readings	START	1669313889017
USER	Add Sensor Readings	START	1669313889018
USER	Add Sensor Readings	START	1669313889008
USER	Add Sensor Readings	START	1669313889022
USER	Add Sensor Readings	START	1669313889022
USER	Add Sensor Readings	START	1669313889021
USER	Add Sensor Readings	START	1669313889023
USER	Add Sensor Readings	START	1669313889023
USER	Add Sensor Readings	START	1669313889024
USER	Add Sensor Readings	START	1669313889025
USER	Add Sensor Readings	START	1669313889026
USER	Add Sensor Readings	START	1669313889008
USER	Add Sensor Readings	START	1669313889008
USER	Add Sensor Readings	START	1669313889004
USER	Add Sensor Readings	START	1669313889008
USER	Add Sensor Readings	START	1669313889031
USER	Add Sensor Readings	START	1669313889031
USER	Add Sensor Readings	START	1669313889032
USER	Add Sensor Readings	START	1669313889032
USER	Add Sensor Readings	START	1669313889032
USER	Add Sensor Readings	START	1669313889032
USER	Add Sensor Readings	START	1669313889031
USER	Add Sensor Readings	START	1669313889032
USER	Add Sensor Readings	START	1669313889032
USER	Add Sensor Readings	START	1669313889033
USER	Add Sensor Readings	START	1669313889032
USER	Add Sensor Readings	START	1669313889032
USER	Add Sensor Readings	START	1669313889033
USER	Add Sensor Readings	START	1669313889033
USER	Add Sensor Readings	START	1669313889033
USER	Add Sensor Readings	START	1669313889033
USER	Add Sensor Readings	START	1669313889034
USER	Add Sensor Readings	START	1669313889034
USER	Add Sensor Readings	START	1669313889035
USER	Add Sensor Readings	START	1669313889034
USER	Add Sensor Readings	START	1669313889035
USER	Add Sensor Readings	START	1669313889035
USER	Add Sensor Readings	START	1669313889036
USER	Add Sensor Readings	START	1669313889036
USER	Add Sensor Readings	START	1669313889036
USER	Add Sensor Readings	START	1669313889037
USER	Add Sensor Readings	START	1669313889036
USER	Add Sensor Readings	START	1669313889037
USER	Add Sensor Readings	START	1669313889037
USER	Add Sensor Readings	START	1669313889038
USER	Add Sensor Readings	START	1669313889038
USER	Add Sensor Readings	START	1669313889038
USER	Add Sensor Readings	START	1669313889039
USER	Add Sensor Readings	START	1669313889039
USER	Add Sensor Readings	START	1669313889039
USER	Add Sensor Readings	START	1669313889039
USER	Add Sensor Readings	START	1669313889039
USER	Add Sensor Readings	START	1669313889040
USER	Add Sensor Readings	START	1669313889041
USER	Add Sensor Readings	START	1669313889045
USER	Add Sensor Readings	START	1669313889046
REQUEST		add readings	1669313888958	1669313890916	KO	j.i.IOException: Premature close
REQUEST		add readings	1669313888958	1669313890914	KO	j.i.IOException: Premature close
REQUEST		add readings	1669313889032	1669313890949	KO	j.i.IOException: Premature close
USER	Add Sensor Readings	END	1669313890952
USER	Add Sensor Readings	END	1669313890953
USER	Add Sensor Readings	END	1669313890953
REQUEST		add readings	1669313888974	1669313890953	KO	j.i.IOException: Premature close
USER	Add Sensor Readings	END	1669313890956
REQUEST		add readings	1669313888935	1669313890953	KO	j.i.IOException: Premature close
USER	Add Sensor Readings	END	1669313890959
REQUEST		add readings	1669313888957	1669313890952	KO	j.i.IOException: Premature close
USER	Add Sensor Readings	END	1669313890960
REQUEST		add readings	1669313888998	1669313890956	KO	j.i.IOException: Premature close
USER	Add Sensor Readings	END	1669313890964
REQUEST		add readings	1669313888957	1669313890960	KO	j.i.IOException: Premature close
REQUEST		add readings	1669313888958	1669313890959	KO	j.i.IOException: Premature close
USER	Add Sensor Readings	END	1669313890964
REQUEST		add readings	1669313888960	1669313890965	KO	j.i.IOException: Premature close
USER	Add Sensor Readings	END	1669313890964
USER	Add Sensor Readings	END	1669313890967
REQUEST		add readings	1669313888973	1669313890964	KO	j.i.IOException: Premature close
USER	Add Sensor Readings	END	1669313890967
REQUEST		add readings	1669313889031	1669313890968	KO	j.i.IOException: Premature close
USER	Add Sensor Readings	END	1669313890970
REQUEST		add readings	1669313888959	1669313890967	KO	j.i.IOException: Premature close
USER	Add Sensor Readings	END	1669313890970
REQUEST		add readings	1669313888959	1669313890964	KO	j.i.IOException: Premature close
USER	Add Sensor Readings	END	1669313890971
REQUEST		add readings	1669313888962	1669313890970	KO	j.i.IOException: Premature close
USER	Add Sensor Readings	END	1669313890971
REQUEST		add readings	1669313888960	1669313890970	KO	j.i.IOException: Premature close
REQUEST		add readings	1669313888957	1669313890971	KO	j.i.IOException: Premature close
USER	Add Sensor Readings	END	1669313890973
USER	Add Sensor Readings	END	1669313890974
REQUEST		add readings	1669313888960	1669313890971	KO	j.i.IOException: Premature close
USER	Add Sensor Readings	END	1669313890974
REQUEST		add readings	1669313888993	1669313890974	KO	j.i.IOException: Premature close
USER	Add Sensor Readings	END	1669313890975
REQUEST		add readings	1669313888960	1669313890975	KO	j.i.IOException: Premature close
USER	Add Sensor Readings	END	1669313890976
REQUEST		add readings	1669313888974	1669313890974	KO	j.i.IOException: Premature close
USER	Add Sensor Readings	END	1669313890977
REQUEST		add readings	1669313888940	1669313890977	KO	j.i.IOException: Premature close
USER	Add Sensor Readings	END	1669313890981
REQUEST		add readings	1669313888945	1669313890981	KO	j.i.IOException: Premature close
USER	Add Sensor Readings	END	1669313890984
REQUEST		add readings	1669313888981	1669313890982	KO	j.i.IOException: Premature close
REQUEST		add readings	1669313888977	1669313890975	KO	j.i.IOException: Premature close
REQUEST		add readings	1669313888934	1669313890985	KO	j.i.IOException: Premature close
USER	Add Sensor Readings	END	1669313891052
USER	Add Sensor Readings	END	1669313891052
REQUEST		add readings	1669313889021	1669313891053	KO	j.i.IOException: Premature close
REQUEST		add readings	1669313888958	1669313891052	KO	j.i.IOException: Premature close
REQUEST		add readings	1669313888975	1669313891057	KO	j.i.IOException: Premature close
REQUEST		add readings	1669313889005	1669313891055	KO	j.i.IOException: Premature close
REQUEST		add readings	1669313889024	1669313891064	KO	j.i.IOException: Premature close
REQUEST		add readings	1669313888981	1669313891064	KO	j.i.IOException: Premature close
REQUEST		add readings	1669313889016	1669313891068	KO	j.i.IOException: Premature close
REQUEST		add readings	1669313888947	1669313890977	KO	j.i.IOException: Premature close
REQUEST		add readings	1669313889019	1669313891078	KO	j.i.IOException: Premature close
REQUEST		add readings	1669313889007	1669313891082	KO	j.i.IOException: Premature close
REQUEST		add readings	1669313889027	1669313891087	KO	j.i.IOException: Premature close
REQUEST		add readings	1669313888982	1669313891088	KO	j.i.IOException: Premature close
REQUEST		add readings	1669313889013	1669313891089	KO	j.i.IOException: Premature close
USER	Add Sensor Readings	END	1669313891055
USER	Add Sensor Readings	END	1669313891056
USER	Add Sensor Readings	END	1669313891057
USER	Add Sensor Readings	END	1669313891062
USER	Add Sensor Readings	END	1669313891064
USER	Add Sensor Readings	END	1669313891064
USER	Add Sensor Readings	END	1669313891067
USER	Add Sensor Readings	END	1669313891077
USER	Add Sensor Readings	END	1669313891081
USER	Add Sensor Readings	END	1669313891087
USER	Add Sensor Readings	END	1669313891088
USER	Add Sensor Readings	END	1669313891089
USER	Add Sensor Readings	END	1669313891102
REQUEST		add readings	1669313888952	1669313891056	KO	j.i.IOException: Premature close
USER	Add Sensor Readings	END	1669313891112
REQUEST		add readings	1669313888960	1669313891112	KO	j.i.IOException: Premature close
REQUEST		add readings	1669313888936	1669313891123	KO	j.i.IOException: Premature close
USER	Add Sensor Readings	END	1669313891122
USER	Add Sensor Readings	END	1669313891123
REQUEST		add readings	1669313889004	1669313891136	KO	j.i.IOException: Premature close
REQUEST		add readings	1669313888977	1669313891062	KO	j.i.IOException: Premature close
REQUEST		add readings	1669313888982	1669313891141	KO	j.i.IOException: Premature close
REQUEST		add readings	1669313888978	1669313891146	KO	j.i.IOException: Premature close
REQUEST		add readings	1669313888978	1669313891152	KO	j.i.IOException: Premature close
REQUEST		add readings	1669313888980	1669313891155	KO	j.i.IOException: Premature close
USER	Add Sensor Readings	END	1669313891136
USER	Add Sensor Readings	END	1669313891137
USER	Add Sensor Readings	END	1669313891141
USER	Add Sensor Readings	END	1669313891146
REQUEST		add readings	1669313888949	1669313891124	KO	j.i.IOException: Premature close
REQUEST		add readings	1669313888961	1669313891155	KO	j.i.IOException: Premature close
REQUEST		add readings	1669313888933	1669313891159	KO	j.i.IOException: Premature close
REQUEST		add readings	1669313888985	1669313891159	KO	j.i.IOException: Premature close
REQUEST		add readings	1669313888966	1669313891160	KO	j.i.IOException: Premature close
REQUEST		add readings	1669313888978	1669313891155	KO	j.i.IOException: Premature close
REQUEST		add readings	1669313888986	1669313891161	KO	j.i.IOException: Premature close
REQUEST		add readings	1669313888980	1669313891162	KO	j.i.IOException: Premature close
REQUEST		add readings	1669313888942	1669313891163	KO	j.i.IOException: Premature close
REQUEST		add readings	1669313888965	1669313891163	KO	j.i.IOException: Premature close
REQUEST		add readings	1669313888960	1669313891164	KO	j.i.IOException: Premature close
REQUEST		add readings	1669313888997	1669313891165	KO	j.i.IOException: Premature close
REQUEST		add readings	1669313888993	1669313891166	KO	j.i.IOException: Premature close
REQUEST		add readings	1669313888980	1669313891167	KO	j.i.IOException: Premature close
REQUEST		add readings	1669313888999	1669313891167	KO	j.i.IOException: Premature close
REQUEST		add readings	1669313888964	1669313891169	KO	j.i.IOException: Premature close
REQUEST		add readings	1669313888988	1669313891129	KO	j.i.IOException: Premature close
REQUEST		add readings	1669313888998	1669313891170	KO	j.i.IOException: Premature close
REQUEST		add readings	1669313888958	1669313891137	KO	j.i.IOException: Premature close
USER	Add Sensor Readings	END	1669313891152
REQUEST		add readings	1669313888997	1669313891193	KO	j.i.IOException: Premature close
REQUEST		add readings	1669313888942	1669313891193	KO	j.i.IOException: Premature close
USER	Add Sensor Readings	END	1669313891154
USER	Add Sensor Readings	END	1669313891155
USER	Add Sensor Readings	END	1669313891158
USER	Add Sensor Readings	END	1669313891159
USER	Add Sensor Readings	END	1669313891159
USER	Add Sensor Readings	END	1669313891160
USER	Add Sensor Readings	END	1669313891161
USER	Add Sensor Readings	END	1669313891161
USER	Add Sensor Readings	END	1669313891162
USER	Add Sensor Readings	END	1669313891163
USER	Add Sensor Readings	END	1669313891163
USER	Add Sensor Readings	END	1669313891164
USER	Add Sensor Readings	END	1669313891165
USER	Add Sensor Readings	END	1669313891166
USER	Add Sensor Readings	END	1669313891166
USER	Add Sensor Readings	END	1669313891167
USER	Add Sensor Readings	END	1669313891168
USER	Add Sensor Readings	END	1669313891169
USER	Add Sensor Readings	END	1669313891173
USER	Add Sensor Readings	END	1669313891176
USER	Add Sensor Readings	END	1669313891193
USER	Add Sensor Readings	END	1669313891194
REQUEST		add readings	1669313888941	1669313891201	KO	j.i.IOException: Premature close
USER	Add Sensor Readings	END	1669313891204
REQUEST		add readings	1669313889007	1669313891204	KO	j.i.IOException: Premature close
USER	Add Sensor Readings	END	1669313891205
USER	Add Sensor Readings	END	1669313891205
REQUEST		add readings	1669313889023	1669313891205	KO	j.i.IOException: Premature close
USER	Add Sensor Readings	END	1669313891214
REQUEST		add readings	1669313888983	1669313891176	KO	j.i.IOException: Premature close
REQUEST		add readings	1669313888948	1669313891205	KO	j.i.IOException: Premature close
USER	Add Sensor Readings	END	1669313891215
USER	Add Sensor Readings	END	1669313891215
REQUEST		add readings	1669313889007	1669313891214	KO	j.i.IOException: Premature close
USER	Add Sensor Readings	END	1669313891216
REQUEST		add readings	1669313888991	1669313891216	KO	j.i.IOException: Premature close
USER	Add Sensor Readings	END	1669313891219
REQUEST		add readings	1669313889025	1669313891219	KO	j.i.IOException: Premature close
REQUEST		add readings	1669313888962	1669313891220	KO	j.i.IOException: Premature close
USER	Add Sensor Readings	END	1669313891220
USER	Add Sensor Readings	END	1669313891221
REQUEST		add readings	1669313888963	1669313891221	KO	j.i.IOException: Premature close
USER	Add Sensor Readings	END	1669313891223
REQUEST		add readings	1669313888964	1669313891223	KO	j.i.IOException: Premature close
REQUEST		add readings	1669313888962	1669313891223	KO	j.i.IOException: Premature close
USER	Add Sensor Readings	END	1669313891223
REQUEST		add readings	1669313888927	1669313891224	KO	j.i.IOException: Premature close
USER	Add Sensor Readings	END	1669313891224
USER	Add Sensor Readings	END	1669313891225
REQUEST		add readings	1669313889008	1669313891224	KO	j.i.IOException: Premature close
REQUEST		add readings	1669313888937	1669313891226	KO	j.i.IOException: Premature close
USER	Add Sensor Readings	END	1669313891226
USER	Add Sensor Readings	END	1669313891228
REQUEST		add readings	1669313888964	1669313891226	KO	j.i.IOException: Premature close
REQUEST		add readings	1669313888935	1669313891228	KO	j.i.IOException: Premature close
USER	Add Sensor Readings	END	1669313891237
USER	Add Sensor Readings	END	1669313891237
REQUEST		add readings	1669313888975	1669313891224	KO	j.i.IOException: Premature close
USER	Add Sensor Readings	END	1669313891238
REQUEST		add readings	1669313889001	1669313891222	KO	j.i.IOException: Premature close
USER	Add Sensor Readings	END	1669313891240
REQUEST		add readings	1669313889008	1669313891237	KO	j.i.IOException: Premature close
REQUEST		add readings	1669313889007	1669313891243	KO	j.i.IOException: Premature close
REQUEST		add readings	1669313888937	1669313891237	KO	j.i.IOException: Premature close
REQUEST		add readings	1669313888969	1669313891245	KO	j.i.IOException: Premature close
REQUEST		add readings	1669313888933	1669313891248	KO	j.i.IOException: Premature close
REQUEST		add readings	1669313888936	1669313891252	KO	j.i.IOException: Premature close
REQUEST		add readings	1669313889015	1669313891241	KO	j.i.IOException: Premature close
REQUEST		add readings	1669313889032	1669313891239	KO	j.i.IOException: Premature close
REQUEST		add readings	1669313889022	1669313891244	KO	j.i.IOException: Premature close
USER	Add Sensor Readings	END	1669313891243
USER	Add Sensor Readings	END	1669313891244
USER	Add Sensor Readings	END	1669313891245
USER	Add Sensor Readings	END	1669313891248
USER	Add Sensor Readings	END	1669313891252
USER	Add Sensor Readings	END	1669313891255
USER	Add Sensor Readings	END	1669313891258
USER	Add Sensor Readings	END	1669313891260
REQUEST		add readings	1669313889033	1669313891258	KO	j.i.IOException: Premature close
USER	Add Sensor Readings	END	1669313891261
USER	Add Sensor Readings	END	1669313891261
REQUEST		add readings	1669313889033	1669313891261	KO	j.i.IOException: Premature close
REQUEST		add readings	1669313888934	1669313891256	KO	j.i.IOException: Premature close
REQUEST		add readings	1669313888934	1669313891263	KO	j.i.IOException: Premature close
REQUEST		add readings	1669313888966	1669313891263	KO	j.i.IOException: Premature close
REQUEST		add readings	1669313888970	1669313891261	KO	j.i.IOException: Premature close
USER	Add Sensor Readings	END	1669313891262
USER	Add Sensor Readings	END	1669313891263
USER	Add Sensor Readings	END	1669313891263
USER	Add Sensor Readings	END	1669313891268
USER	Add Sensor Readings	END	1669313891269
REQUEST		add readings	1669313888966	1669313891268	KO	j.i.IOException: Premature close
REQUEST		add readings	1669313888940	1669313891274	KO	j.i.IOException: Premature close
USER	Add Sensor Readings	END	1669313891274
USER	Add Sensor Readings	END	1669313891279
REQUEST		add readings	1669313888950	1669313891269	KO	j.i.IOException: Premature close
USER	Add Sensor Readings	END	1669313891283
REQUEST		add readings	1669313889000	1669313891283	KO	j.i.IOException: Premature close
USER	Add Sensor Readings	END	1669313891285
REQUEST		add readings	1669313889005	1669313891285	KO	j.i.IOException: Premature close
USER	Add Sensor Readings	END	1669313891286
REQUEST		add readings	1669313888956	1669313891272	KO	j.i.IOException: Premature close
USER	Add Sensor Readings	END	1669313891286
REQUEST		add readings	1669313889000	1669313891286	KO	j.i.IOException: Premature close
REQUEST		add readings	1669313888946	1669313891279	KO	j.i.IOException: Premature close
REQUEST		add readings	1669313889015	1669313891286	KO	j.i.IOException: Premature close
REQUEST		add readings	1669313889005	1669313891292	KO	j.i.IOException: Premature close
REQUEST		add readings	1669313888951	1669313891292	KO	j.i.IOException: Premature close
REQUEST		add readings	1669313889004	1669313891293	KO	j.i.IOException: Premature close
REQUEST		add readings	1669313889004	1669313891294	KO	j.i.IOException: Premature close
REQUEST		add readings	1669313888950	1669313891295	KO	j.i.IOException: Premature close
USER	Add Sensor Readings	END	1669313891289
USER	Add Sensor Readings	END	1669313891291
USER	Add Sensor Readings	END	1669313891292
REQUEST		add readings	1669313889022	1669313891260	KO	j.i.IOException: Premature close
REQUEST		add readings	1669313888970	1669313891297	KO	j.i.IOException: Premature close
REQUEST		add readings	1669313889004	1669313891298	KO	j.i.IOException: Premature close
USER	Add Sensor Readings	END	1669313891292
REQUEST		add readings	1669313888980	1669313891289	KO	j.i.IOException: Premature close
REQUEST		add readings	1669313888965	1669313891301	KO	j.i.IOException: Premature close
USER	Add Sensor Readings	END	1669313891293
USER	Add Sensor Readings	END	1669313891294
USER	Add Sensor Readings	END	1669313891295
USER	Add Sensor Readings	END	1669313891297
USER	Add Sensor Readings	END	1669313891298
USER	Add Sensor Readings	END	1669313891299
USER	Add Sensor Readings	END	1669313891301
USER	Add Sensor Readings	END	1669313891301
USER	Add Sensor Readings	END	1669313891305
REQUEST		add readings	1669313888980	1669313891305	KO	j.i.IOException: Premature close
REQUEST		add readings	1669313888968	1669313891292	KO	j.i.IOException: Premature close
USER	Add Sensor Readings	END	1669313891309
REQUEST		add readings	1669313888948	1669313891309	KO	j.i.IOException: Premature close
REQUEST		add readings	1669313888984	1669313891309	KO	j.i.IOException: Premature close
REQUEST		add readings	1669313888967	1669313891313	KO	j.i.IOException: Premature close
USER	Add Sensor Readings	END	1669313891309
USER	Add Sensor Readings	END	1669313891313
USER	Add Sensor Readings	END	1669313891315
USER	Add Sensor Readings	END	1669313891316
REQUEST		add readings	1669313888997	1669313891301	KO	j.i.IOException: Premature close
USER	Add Sensor Readings	END	1669313891320
REQUEST		add readings	1669313888979	1669313891320	KO	j.i.IOException: Premature close
USER	Add Sensor Readings	END	1669313891329
REQUEST		add readings	1669313888953	1669313891327	KO	j.i.IOException: Premature close
USER	Add Sensor Readings	END	1669313891342
REQUEST		add readings	1669313888954	1669313891345	KO	j.i.IOException: Premature close
USER	Add Sensor Readings	END	1669313891347
REQUEST		add readings	1669313888952	1669313891348	KO	j.i.IOException: Premature close
USER	Add Sensor Readings	END	1669313891348
REQUEST		add readings	1669313888954	1669313891349	KO	j.i.IOException: Premature close
USER	Add Sensor Readings	END	1669313891349
REQUEST		add readings	1669313888963	1669313891329	KO	j.i.IOException: Premature close
USER	Add Sensor Readings	END	1669313891350
REQUEST		add readings	1669313888963	1669313891349	KO	j.i.IOException: Premature close
REQUEST		add readings	1669313888963	1669313891350	KO	j.i.IOException: Premature close
USER	Add Sensor Readings	END	1669313891354
USER	Add Sensor Readings	END	1669313891354
REQUEST		add readings	1669313888955	1669313891355	KO	j.i.IOException: Premature close
USER	Add Sensor Readings	END	1669313891355
REQUEST		add readings	1669313888961	1669313891356	KO	j.i.IOException: Premature close
USER	Add Sensor Readings	END	1669313891358
REQUEST		add readings	1669313888953	1669313891358	KO	j.i.IOException: Premature close
USER	Add Sensor Readings	END	1669313891359
REQUEST		add readings	1669313888995	1669313891359	KO	j.i.IOException: Premature close
USER	Add Sensor Readings	END	1669313891360
REQUEST		add readings	1669313888977	1669313891360	KO	j.i.IOException: Premature close
USER	Add Sensor Readings	END	1669313891361
REQUEST		add readings	1669313888977	1669313891361	KO	j.i.IOException: Premature close
USER	Add Sensor Readings	END	1669313891361
REQUEST		add readings	1669313888965	1669313891360	KO	j.i.IOException: Premature close
USER	Add Sensor Readings	END	1669313891363
REQUEST		add readings	1669313888984	1669313891356	KO	j.i.IOException: Premature close
REQUEST		add readings	1669313888952	1669313891362	KO	j.i.IOException: Premature close
REQUEST		add readings	1669313888977	1669313891363	KO	j.i.IOException: Premature close
USER	Add Sensor Readings	END	1669313891364
USER	Add Sensor Readings	END	1669313891365
REQUEST		add readings	1669313889007	1669313891365	KO	j.i.IOException: Premature close
REQUEST		add readings	1669313888979	1669313891365	KO	j.i.IOException: Premature close
USER	Add Sensor Readings	END	1669313891366
USER	Add Sensor Readings	END	1669313891367
USER	Add Sensor Readings	END	1669313891367
REQUEST		add readings	1669313889003	1669313891367	KO	j.i.IOException: Premature close
REQUEST		add readings	1669313888969	1669313891367	KO	j.i.IOException: Premature close
USER	Add Sensor Readings	END	1669313891368
USER	Add Sensor Readings	END	1669313891369
REQUEST		add readings	1669313888947	1669313891367	KO	j.i.IOException: Premature close
REQUEST		add readings	1669313889002	1669313891368	KO	j.i.IOException: Premature close
USER	Add Sensor Readings	END	1669313891369
USER	Add Sensor Readings	END	1669313891370
REQUEST		add readings	1669313888969	1669313891369	KO	j.i.IOException: Premature close
USER	Add Sensor Readings	END	1669313891370
REQUEST		add readings	1669313888980	1669313891371	KO	j.i.IOException: Premature close
REQUEST		add readings	1669313888970	1669313891370	KO	j.i.IOException: Premature close
REQUEST		add readings	1669313888977	1669313891370	KO	j.i.IOException: Premature close
USER	Add Sensor Readings	END	1669313891372
USER	Add Sensor Readings	END	1669313891372
USER	Add Sensor Readings	END	1669313891372
REQUEST		add readings	1669313888960	1669313891372	KO	j.i.IOException: Premature close
USER	Add Sensor Readings	END	1669313891373
REQUEST		add readings	1669313888946	1669313891372	KO	j.i.IOException: Premature close
USER	Add Sensor Readings	END	1669313891373
REQUEST		add readings	1669313888945	1669313891373	KO	j.i.IOException: Premature close
USER	Add Sensor Readings	END	1669313891374
REQUEST		add readings	1669313889038	1669313891372	KO	j.i.IOException: Premature close
REQUEST		add readings	1669313888986	1669313891372	KO	j.i.IOException: Premature close
REQUEST		add readings	1669313888971	1669313891374	KO	j.i.IOException: Premature close
USER	Add Sensor Readings	END	1669313891375
USER	Add Sensor Readings	END	1669313891375
USER	Add Sensor Readings	END	1669313891376
REQUEST		add readings	1669313889007	1669313891376	KO	j.i.IOException: Premature close
REQUEST		add readings	1669313889039	1669313891376	KO	j.i.IOException: Premature close
USER	Add Sensor Readings	END	1669313891379
USER	Add Sensor Readings	END	1669313891379
REQUEST		add readings	1669313889033	1669313891379	KO	j.i.IOException: Premature close
REQUEST		add readings	1669313888985	1669313891379	KO	j.i.IOException: Premature close
USER	Add Sensor Readings	END	1669313891380
REQUEST		add readings	1669313888965	1669313891373	KO	j.i.IOException: Premature close
REQUEST		add readings	1669313888976	1669313891377	KO	j.i.IOException: Premature close
USER	Add Sensor Readings	END	1669313891381
USER	Add Sensor Readings	END	1669313891381
REQUEST		add readings	1669313888968	1669313891380	KO	j.i.IOException: Premature close
USER	Add Sensor Readings	END	1669313891382
USER	Add Sensor Readings	END	1669313891382
REQUEST		add readings	1669313888986	1669313891382	KO	j.i.IOException: Premature close
REQUEST		add readings	1669313888976	1669313891382	KO	j.i.IOException: Premature close
REQUEST		add readings	1669313888972	1669313891390	KO	j.i.IOException: Premature close
USER	Add Sensor Readings	END	1669313891388
USER	Add Sensor Readings	END	1669313891389
USER	Add Sensor Readings	END	1669313891393
REQUEST		add readings	1669313889010	1669313891382	KO	j.i.IOException: Premature close
USER	Add Sensor Readings	END	1669313891396
REQUEST		add readings	1669313888993	1669313891393	KO	j.i.IOException: Premature close
USER	Add Sensor Readings	END	1669313891397
REQUEST		add readings	1669313889037	1669313891382	KO	j.i.IOException: Premature close
REQUEST		add readings	1669313888970	1669313891398	KO	j.i.IOException: Premature close
USER	Add Sensor Readings	END	1669313891406
REQUEST		add readings	1669313888951	1669313891406	KO	j.i.IOException: Premature close
REQUEST		add readings	1669313889031	1669313891388	KO	j.i.IOException: Premature close
REQUEST		add readings	1669313888983	1669313891407	KO	j.i.IOException: Premature close
REQUEST		add readings	1669313888960	1669313891396	KO	j.i.IOException: Premature close
REQUEST		add readings	1669313888945	1669313891397	KO	j.i.IOException: Premature close
USER	Add Sensor Readings	END	1669313891407
USER	Add Sensor Readings	END	1669313891408
USER	Add Sensor Readings	END	1669313891409
USER	Add Sensor Readings	END	1669313891411
USER	Add Sensor Readings	END	1669313891411
USER	Add Sensor Readings	END	1669313891411
REQUEST		add readings	1669313888971	1669313891411	KO	j.i.IOException: Premature close
REQUEST		add readings	1669313888970	1669313891411	KO	j.i.IOException: Premature close
REQUEST		add readings	1669313888965	1669313891409	KO	j.i.IOException: Premature close
REQUEST		add readings	1669313889002	1669313891409	KO	j.i.IOException: Premature close
REQUEST		add readings	1669313889007	1669313891411	KO	j.i.IOException: Premature close
USER	Add Sensor Readings	END	1669313891414
USER	Add Sensor Readings	END	1669313891416
USER	Add Sensor Readings	END	1669313891418
USER	Add Sensor Readings	END	1669313891420
REQUEST		add readings	1669313888968	1669313891416	KO	j.i.IOException: Premature close
USER	Add Sensor Readings	END	1669313891420
USER	Add Sensor Readings	END	1669313891420
REQUEST		add readings	1669313889036	1669313891422	KO	j.i.IOException: Premature close
REQUEST		add readings	1669313888972	1669313891415	KO	j.i.IOException: Premature close
REQUEST		add readings	1669313889003	1669313891423	KO	j.i.IOException: Premature close
USER	Add Sensor Readings	END	1669313891431
USER	Add Sensor Readings	END	1669313891431
REQUEST		add readings	1669313888948	1669313891420	KO	j.i.IOException: Premature close
REQUEST		add readings	1669313889046	1669313891431	KO	j.i.IOException: Premature close
REQUEST		add readings	1669313889007	1669313891430	KO	j.i.IOException: Premature close
REQUEST		add readings	1669313889039	1669313891433	KO	j.i.IOException: Premature close
REQUEST		add readings	1669313888947	1669313891431	KO	j.i.IOException: Premature close
REQUEST		add readings	1669313888985	1669313891434	KO	j.i.IOException: Premature close
USER	Add Sensor Readings	END	1669313891433
REQUEST		add readings	1669313888986	1669313891435	KO	j.i.IOException: Premature close
USER	Add Sensor Readings	END	1669313891433
USER	Add Sensor Readings	END	1669313891434
USER	Add Sensor Readings	END	1669313891434
USER	Add Sensor Readings	END	1669313891435
USER	Add Sensor Readings	END	1669313891435
USER	Add Sensor Readings	END	1669313891435
REQUEST		add readings	1669313889046	1669313891435	KO	j.i.IOException: Premature close
REQUEST		add readings	1669313888997	1669313891435	KO	j.i.IOException: Premature close
REQUEST		add readings	1669313888948	1669313891435	KO	j.i.IOException: Premature close
USER	Add Sensor Readings	END	1669313891436
USER	Add Sensor Readings	END	1669313891436
USER	Add Sensor Readings	END	1669313891437
REQUEST		add readings	1669313888952	1669313891437	KO	j.i.IOException: Premature close
USER	Add Sensor Readings	END	1669313891438
REQUEST		add readings	1669313889033	1669313891436	KO	j.i.IOException: Premature close
REQUEST		add readings	1669313888945	1669313891438	KO	j.i.IOException: Premature close
USER	Add Sensor Readings	END	1669313891439
REQUEST		add readings	1669313888947	1669313891439	KO	j.i.IOException: Premature close
USER	Add Sensor Readings	END	1669313891439
USER	Add Sensor Readings	END	1669313891441
REQUEST		add readings	1669313889032	1669313891439	KO	j.i.IOException: Premature close
USER	Add Sensor Readings	END	1669313891448
USER	Add Sensor Readings	END	1669313891448
REQUEST		add readings	1669313889040	1669313891436	KO	j.i.IOException: Premature close
REQUEST		add readings	1669313889008	1669313891448	KO	j.i.IOException: Premature close
USER	Add Sensor Readings	END	1669313891450
REQUEST		add readings	1669313888970	1669313891450	KO	j.i.IOException: Premature close
USER	Add Sensor Readings	END	1669313891450
REQUEST		add readings	1669313889012	1669313891442	KO	j.i.IOException: Premature close
USER	Add Sensor Readings	END	1669313891451
REQUEST		add readings	1669313888985	1669313891451	KO	j.i.IOException: Premature close
USER	Add Sensor Readings	END	1669313891451
REQUEST		add readings	1669313888990	1669313891451	KO	j.i.IOException: Premature close
USER	Add Sensor Readings	END	1669313891452
REQUEST		add readings	1669313888974	1669313891448	KO	j.i.IOException: Premature close
USER	Add Sensor Readings	END	1669313891452
REQUEST		add readings	1669313888954	1669313891449	KO	j.i.IOException: Premature close
USER	Add Sensor Readings	END	1669313891453
REQUEST		add readings	1669313888953	1669313891453	KO	j.i.IOException: Premature close
REQUEST		add readings	1669313888954	1669313891454	KO	j.i.IOException: Premature close
REQUEST		add readings	1669313889011	1669313891451	KO	j.i.IOException: Premature close
USER	Add Sensor Readings	END	1669313891453
USER	Add Sensor Readings	END	1669313891454
USER	Add Sensor Readings	END	1669313891455
REQUEST		add readings	1669313888951	1669313891442	KO	j.i.IOException: Premature close
REQUEST		add readings	1669313889032	1669313891454	KO	j.i.IOException: Premature close
REQUEST		add readings	1669313889013	1669313891455	KO	j.i.IOException: Premature close
USER	Add Sensor Readings	END	1669313891455
USER	Add Sensor Readings	END	1669313891456
USER	Add Sensor Readings	END	1669313891456
USER	Add Sensor Readings	END	1669313891457
REQUEST		add readings	1669313889034	1669313891456	KO	j.i.IOException: Premature close
REQUEST		add readings	1669313888940	1669313891455	KO	j.i.IOException: Premature close
REQUEST		add readings	1669313888954	1669313891456	KO	j.i.IOException: Premature close
USER	Add Sensor Readings	END	1669313891467
USER	Add Sensor Readings	END	1669313891468
REQUEST		add readings	1669313888976	1669313891468	KO	j.i.IOException: Premature close
REQUEST		add readings	1669313888941	1669313891468	KO	j.i.IOException: Premature close
REQUEST		add readings	1669313889033	1669313891469	KO	j.i.IOException: Premature close
REQUEST		add readings	1669313889036	1669313891469	KO	j.i.IOException: Premature close
REQUEST		add readings	1669313889035	1669313891470	KO	j.i.IOException: Premature close
REQUEST		add readings	1669313888972	1669313891468	KO	j.i.IOException: Premature close
REQUEST		add readings	1669313889034	1669313891461	KO	j.i.IOException: Premature close
USER	Add Sensor Readings	END	1669313891468
USER	Add Sensor Readings	END	1669313891469
USER	Add Sensor Readings	END	1669313891469
USER	Add Sensor Readings	END	1669313891469
USER	Add Sensor Readings	END	1669313891470
USER	Add Sensor Readings	END	1669313891470
USER	Add Sensor Readings	END	1669313891471
USER	Add Sensor Readings	END	1669313891471
REQUEST		add readings	1669313888944	1669313891469	KO	j.i.IOException: Premature close
REQUEST		add readings	1669313888953	1669313891471	KO	j.i.IOException: Premature close
REQUEST		add readings	1669313889038	1669313891470	KO	j.i.IOException: Premature close
USER	Add Sensor Readings	END	1669313891472
USER	Add Sensor Readings	END	1669313891472
REQUEST		add readings	1669313888966	1669313891457	KO	j.i.IOException: Premature close
REQUEST		add readings	1669313889035	1669313891471	KO	j.i.IOException: Premature close
REQUEST		add readings	1669313888973	1669313891474	KO	j.i.IOException: Premature close
REQUEST		add readings	1669313888972	1669313891476	KO	j.i.IOException: Premature close
REQUEST		add readings	1669313889041	1669313891472	KO	j.i.IOException: Premature close
USER	Add Sensor Readings	END	1669313891473
REQUEST		add readings	1669313888987	1669313891474	KO	j.i.IOException: Premature close
REQUEST		add readings	1669313888960	1669313891473	KO	j.i.IOException: Premature close
REQUEST		add readings	1669313888952	1669313891478	KO	j.i.IOException: Premature close
USER	Add Sensor Readings	END	1669313891474
USER	Add Sensor Readings	END	1669313891474
USER	Add Sensor Readings	END	1669313891476
USER	Add Sensor Readings	END	1669313891478
USER	Add Sensor Readings	END	1669313891480
USER	Add Sensor Readings	END	1669313891488
USER	Add Sensor Readings	END	1669313891488
REQUEST		add readings	1669313889032	1669313891480	KO	j.i.IOException: Premature close
USER	Add Sensor Readings	END	1669313891510
USER	Add Sensor Readings	END	1669313891510
REQUEST		add readings	1669313888975	1669313891488	KO	j.i.IOException: Premature close
REQUEST		add readings	1669313888957	1669313891472	KO	j.i.IOException: Premature close
USER	Add Sensor Readings	END	1669313891521
USER	Add Sensor Readings	END	1669313891521
REQUEST		add readings	1669313888938	1669313891510	KO	j.i.IOException: Premature close
USER	Add Sensor Readings	END	1669313891521
REQUEST		add readings	1669313888986	1669313891488	KO	j.i.IOException: Premature close
USER	Add Sensor Readings	END	1669313891521
REQUEST		add readings	1669313888972	1669313891521	KO	j.i.IOException: Premature close
USER	Add Sensor Readings	END	1669313891522
REQUEST		add readings	1669313888957	1669313891521	KO	j.i.IOException: Premature close
USER	Add Sensor Readings	END	1669313891522
REQUEST		add readings	1669313888973	1669313891522	KO	j.i.IOException: Premature close
REQUEST		add readings	1669313888957	1669313891521	KO	j.i.IOException: Premature close
REQUEST		add readings	1669313888985	1669313891521	KO	j.i.IOException: Premature close
REQUEST		add readings	1669313888973	1669313891522	KO	j.i.IOException: Premature close
USER	Add Sensor Readings	END	1669313891525
USER	Add Sensor Readings	END	1669313891525
USER	Add Sensor Readings	END	1669313891525
REQUEST		add readings	1669313888988	1669313891525	KO	j.i.IOException: Premature close
USER	Add Sensor Readings	END	1669313891525
USER	Add Sensor Readings	END	1669313891526
REQUEST		add readings	1669313888971	1669313891526	KO	j.i.IOException: Premature close
USER	Add Sensor Readings	END	1669313891526
REQUEST		add readings	1669313888974	1669313891526	KO	j.i.IOException: Premature close
USER	Add Sensor Readings	END	1669313891527
REQUEST		add readings	1669313889006	1669313891526	KO	j.i.IOException: Premature close
USER	Add Sensor Readings	END	1669313891527
REQUEST		add readings	1669313888927	1669313891527	KO	j.i.IOException: Premature close
USER	Add Sensor Readings	END	1669313891528
REQUEST		add readings	1669313888967	1669313891526	KO	j.i.IOException: Premature close
USER	Add Sensor Readings	END	1669313891528
REQUEST		add readings	1669313889008	1669313891528	KO	j.i.IOException: Premature close
USER	Add Sensor Readings	END	1669313891529
REQUEST		add readings	1669313889039	1669313891529	KO	j.i.IOException: Premature close
USER	Add Sensor Readings	END	1669313891529
REQUEST		add readings	1669313889010	1669313891527	KO	j.i.IOException: Premature close
REQUEST		add readings	1669313889006	1669313891527	KO	j.i.IOException: Premature close
USER	Add Sensor Readings	END	1669313891530
USER	Add Sensor Readings	END	1669313891530
REQUEST		add readings	1669313888982	1669313891528	KO	j.i.IOException: Premature close
REQUEST		add readings	1669313889037	1669313891529	KO	j.i.IOException: Premature close
USER	Add Sensor Readings	END	1669313891531
USER	Add Sensor Readings	END	1669313891532
REQUEST		add readings	1669313888952	1669313891531	KO	j.i.IOException: Premature close
USER	Add Sensor Readings	END	1669313891532
REQUEST		add readings	1669313888961	1669313891531	KO	j.i.IOException: Premature close
USER	Add Sensor Readings	END	1669313891533
REQUEST		add readings	1669313888973	1669313891532	KO	j.i.IOException: Premature close
USER	Add Sensor Readings	END	1669313891533
REQUEST		add readings	1669313889012	1669313891533	KO	j.i.IOException: Premature close
USER	Add Sensor Readings	END	1669313891534
REQUEST		add readings	1669313888975	1669313891533	KO	j.i.IOException: Premature close
USER	Add Sensor Readings	END	1669313891534
REQUEST		add readings	1669313889014	1669313891534	KO	j.i.IOException: Premature close
USER	Add Sensor Readings	END	1669313891535
REQUEST		add readings	1669313889037	1669313891534	KO	j.i.IOException: Premature close
USER	Add Sensor Readings	END	1669313891535
REQUEST		add readings	1669313889012	1669313891534	KO	j.i.IOException: Premature close
USER	Add Sensor Readings	END	1669313891536
REQUEST		add readings	1669313888974	1669313891537	KO	j.i.IOException: Premature close
USER	Add Sensor Readings	END	1669313891537
REQUEST		add readings	1669313888971	1669313891535	KO	j.i.IOException: Premature close
REQUEST		add readings	1669313888953	1669313891538	KO	j.i.IOException: Premature close
USER	Add Sensor Readings	END	1669313891547
USER	Add Sensor Readings	END	1669313891547
REQUEST		add readings	1669313888949	1669313891547	KO	j.i.IOException: Premature close
USER	Add Sensor Readings	END	1669313891565
REQUEST		add readings	1669313888956	1669313891547	KO	j.i.IOException: Premature close
USER	Add Sensor Readings	END	1669313891568
REQUEST		add readings	1669313889013	1669313891568	KO	j.i.IOException: Premature close
USER	Add Sensor Readings	END	1669313891569
REQUEST		add readings	1669313888955	1669313891569	KO	j.i.IOException: Premature close
USER	Add Sensor Readings	END	1669313891570
REQUEST		add readings	1669313889012	1669313891570	KO	j.i.IOException: Premature close
USER	Add Sensor Readings	END	1669313891570
REQUEST		add readings	1669313889033	1669313891568	KO	j.i.IOException: Premature close
USER	Add Sensor Readings	END	1669313891573
REQUEST		add readings	1669313889036	1669313891573	KO	j.i.IOException: Premature close
USER	Add Sensor Readings	END	1669313891580
REQUEST		add readings	1669313889039	1669313891581	KO	j.i.IOException: Premature close
USER	Add Sensor Readings	END	1669313891582
REQUEST		add readings	1669313889036	1669313891582	KO	j.i.IOException: Premature close
USER	Add Sensor Readings	END	1669313891586
REQUEST		add readings	1669313889039	1669313891586	KO	j.i.IOException: Premature close
USER	Add Sensor Readings	END	1669313891587
REQUEST		add readings	1669313889038	1669313891588	KO	j.i.IOException: Premature close
USER	Add Sensor Readings	END	1669313891591
REQUEST		add readings	1669313889038	1669313891591	KO	j.i.IOException: Premature close
USER	Add Sensor Readings	END	1669313891591
REQUEST		add readings	1669313888928	1669313895510	OK	 
USER	Add Sensor Readings	END	1669313895570
REQUEST		add readings	1669313888968	1669313895573	OK	 
USER	Add Sensor Readings	END	1669313895573
REQUEST		add readings	1669313888927	1669313895574	OK	 
USER	Add Sensor Readings	END	1669313895575
REQUEST		add readings	1669313888943	1669313902353	OK	 
USER	Add Sensor Readings	END	1669313902355
REQUEST		add readings	1669313888933	1669313902770	OK	 
USER	Add Sensor Readings	END	1669313902771
REQUEST		add readings	1669313888927	1669313902835	OK	 
USER	Add Sensor Readings	END	1669313902835
REQUEST		add readings	1669313888927	1669313903055	OK	 
REQUEST		add readings	1669313888941	1669313903055	OK	 
REQUEST		add readings	1669313888927	1669313903055	OK	 
USER	Add Sensor Readings	END	1669313903056
USER	Add Sensor Readings	END	1669313903056
USER	Add Sensor Readings	END	1669313903056
REQUEST		add readings	1669313888927	1669313903547	OK	 
REQUEST		add readings	1669313888960	1669313903547	OK	 
REQUEST		add readings	1669313888927	1669313903548	OK	 
USER	Add Sensor Readings	END	1669313903548
USER	Add Sensor Readings	END	1669313903548
USER	Add Sensor Readings	END	1669313903548
REQUEST		add readings	1669313888933	1669313903902	OK	 
USER	Add Sensor Readings	END	1669313903904
REQUEST		add readings	1669313888967	1669313903973	OK	 
REQUEST		add readings	1669313888939	1669313903973	OK	 
USER	Add Sensor Readings	END	1669313903974
USER	Add Sensor Readings	END	1669313903974
REQUEST		add readings	1669313888936	1669313904260	OK	 
REQUEST		add readings	1669313888943	1669313904260	OK	 
REQUEST		add readings	1669313888937	1669313904260	OK	 
USER	Add Sensor Readings	END	1669313904261
USER	Add Sensor Readings	END	1669313904261
USER	Add Sensor Readings	END	1669313904261
REQUEST		add readings	1669313888947	1669313904798	OK	 
USER	Add Sensor Readings	END	1669313904799
REQUEST		add readings	1669313888959	1669313904953	OK	 
REQUEST		add readings	1669313888941	1669313904953	OK	 
USER	Add Sensor Readings	END	1669313904954
USER	Add Sensor Readings	END	1669313904954
REQUEST		add readings	1669313888933	1669313905713	OK	 
USER	Add Sensor Readings	END	1669313905715
REQUEST		add readings	1669313888941	1669313905718	OK	 
USER	Add Sensor Readings	END	1669313905719
REQUEST		add readings	1669313888935	1669313905720	OK	 
USER	Add Sensor Readings	END	1669313905721
REQUEST		add readings	1669313888946	1669313906366	OK	 
USER	Add Sensor Readings	END	1669313906367
REQUEST		add readings	1669313888967	1669313906478	OK	 
REQUEST		add readings	1669313889006	1669313906478	OK	 
USER	Add Sensor Readings	END	1669313906479
USER	Add Sensor Readings	END	1669313906481
REQUEST		add readings	1669313888945	1669313906881	OK	 
USER	Add Sensor Readings	END	1669313906882
REQUEST		add readings	1669313888943	1669313907172	OK	 
USER	Add Sensor Readings	END	1669313907173
REQUEST		add readings	1669313888948	1669313907809	OK	 
REQUEST		add readings	1669313888934	1669313907809	OK	 
USER	Add Sensor Readings	END	1669313907809
USER	Add Sensor Readings	END	1669313907810
REQUEST		add readings	1669313888935	1669313907857	OK	 
REQUEST		add readings	1669313888949	1669313907857	OK	 
REQUEST		add readings	1669313888935	1669313907857	OK	 
USER	Add Sensor Readings	END	1669313907858
USER	Add Sensor Readings	END	1669313907858
USER	Add Sensor Readings	END	1669313907858
REQUEST		add readings	1669313889008	1669313907863	OK	 
REQUEST		add readings	1669313888933	1669313907863	OK	 
USER	Add Sensor Readings	END	1669313907864
USER	Add Sensor Readings	END	1669313907864
REQUEST		add readings	1669313888964	1669313907868	OK	 
REQUEST		add readings	1669313888933	1669313907868	OK	 
REQUEST		add readings	1669313888959	1669313907868	OK	 
USER	Add Sensor Readings	END	1669313907869
USER	Add Sensor Readings	END	1669313907869
USER	Add Sensor Readings	END	1669313907869
REQUEST		add readings	1669313888940	1669313907938	OK	 
REQUEST		add readings	1669313889035	1669313907938	OK	 
REQUEST		add readings	1669313888966	1669313907938	OK	 
REQUEST		add readings	1669313888965	1669313907939	OK	 
REQUEST		add readings	1669313888969	1669313907939	OK	 
REQUEST		add readings	1669313888944	1669313907939	OK	 
REQUEST		add readings	1669313888972	1669313907939	OK	 
REQUEST		add readings	1669313888957	1669313907939	OK	 
REQUEST		add readings	1669313888941	1669313907939	OK	 
REQUEST		add readings	1669313888972	1669313907939	OK	 
REQUEST		add readings	1669313888935	1669313907939	OK	 
REQUEST		add readings	1669313888927	1669313907939	OK	 
REQUEST		add readings	1669313888955	1669313907939	OK	 
USER	Add Sensor Readings	END	1669313907939
USER	Add Sensor Readings	END	1669313907939
USER	Add Sensor Readings	END	1669313907939
USER	Add Sensor Readings	END	1669313907939
USER	Add Sensor Readings	END	1669313907939
USER	Add Sensor Readings	END	1669313907939
USER	Add Sensor Readings	END	1669313907939
USER	Add Sensor Readings	END	1669313907939
USER	Add Sensor Readings	END	1669313907939
USER	Add Sensor Readings	END	1669313907939
USER	Add Sensor Readings	END	1669313907940
USER	Add Sensor Readings	END	1669313907940
USER	Add Sensor Readings	END	1669313907940
REQUEST		add readings	1669313888927	1669313908001	OK	 
REQUEST		add readings	1669313888933	1669313908001	OK	 
REQUEST		add readings	1669313888927	1669313908001	OK	 
REQUEST		add readings	1669313888950	1669313908002	OK	 
USER	Add Sensor Readings	END	1669313908002
USER	Add Sensor Readings	END	1669313908002
USER	Add Sensor Readings	END	1669313908002
USER	Add Sensor Readings	END	1669313908002
REQUEST		add readings	1669313889032	1669313908005	OK	 
REQUEST		add readings	1669313888952	1669313908005	OK	 
REQUEST		add readings	1669313888949	1669313908006	OK	 
USER	Add Sensor Readings	END	1669313908006
USER	Add Sensor Readings	END	1669313908006
USER	Add Sensor Readings	END	1669313908006
REQUEST		add readings	1669313888959	1669313908008	OK	 
USER	Add Sensor Readings	END	1669313908009
REQUEST		add readings	1669313888959	1669313908070	OK	 
REQUEST		add readings	1669313888936	1669313908070	OK	 
USER	Add Sensor Readings	END	1669313908070
USER	Add Sensor Readings	END	1669313908070
REQUEST		add readings	1669313888936	1669313908071	OK	 
REQUEST		add readings	1669313888961	1669313908071	OK	 
REQUEST		add readings	1669313888949	1669313908071	OK	 
USER	Add Sensor Readings	END	1669313908072
USER	Add Sensor Readings	END	1669313908072
USER	Add Sensor Readings	END	1669313908072
REQUEST		add readings	1669313888939	1669313908076	OK	 
REQUEST		add readings	1669313888966	1669313908076	OK	 
REQUEST		add readings	1669313888974	1669313908076	OK	 
REQUEST		add readings	1669313888939	1669313908077	OK	 
USER	Add Sensor Readings	END	1669313908077
USER	Add Sensor Readings	END	1669313908077
USER	Add Sensor Readings	END	1669313908077
USER	Add Sensor Readings	END	1669313908078
REQUEST		add readings	1669313889000	1669313908142	OK	 
REQUEST		add readings	1669313888937	1669313908142	OK	 
REQUEST		add readings	1669313888960	1669313908142	OK	 
USER	Add Sensor Readings	END	1669313908143
USER	Add Sensor Readings	END	1669313908143
USER	Add Sensor Readings	END	1669313908145
REQUEST		add readings	1669313888934	1669313908145	OK	 
REQUEST		add readings	1669313888937	1669313908145	OK	 
REQUEST		add readings	1669313888971	1669313908145	OK	 
USER	Add Sensor Readings	END	1669313908146
USER	Add Sensor Readings	END	1669313908146
USER	Add Sensor Readings	END	1669313908146
REQUEST		add readings	1669313888950	1669313908147	OK	 
USER	Add Sensor Readings	END	1669313908147
REQUEST		add readings	1669313888971	1669313908143	OK	 
USER	Add Sensor Readings	END	1669313908148
REQUEST		add readings	1669313888938	1669313908148	OK	 
USER	Add Sensor Readings	END	1669313908149
REQUEST		add readings	1669313888951	1669313908212	OK	 
USER	Add Sensor Readings	END	1669313908214
REQUEST		add readings	1669313888927	1669313908214	OK	 
REQUEST		add readings	1669313889002	1669313908215	OK	 
USER	Add Sensor Readings	END	1669313908216
USER	Add Sensor Readings	END	1669313908216
REQUEST		add readings	1669313888939	1669313908216	OK	 
USER	Add Sensor Readings	END	1669313908216
REQUEST		add readings	1669313888976	1669313908216	OK	 
REQUEST		add readings	1669313889006	1669313908216	OK	 
USER	Add Sensor Readings	END	1669313908216
USER	Add Sensor Readings	END	1669313908216
REQUEST		add readings	1669313888940	1669313908218	OK	 
REQUEST		add readings	1669313888981	1669313908218	OK	 
USER	Add Sensor Readings	END	1669313908218
REQUEST		add readings	1669313888950	1669313908218	OK	 
USER	Add Sensor Readings	END	1669313908219
USER	Add Sensor Readings	END	1669313908219
REQUEST		add readings	1669313888965	1669313908282	OK	 
REQUEST		add readings	1669313888947	1669313908282	OK	 
REQUEST		add readings	1669313888938	1669313908282	OK	 
REQUEST		add readings	1669313888971	1669313908282	OK	 
REQUEST		add readings	1669313888982	1669313908282	OK	 
USER	Add Sensor Readings	END	1669313908282
USER	Add Sensor Readings	END	1669313908282
USER	Add Sensor Readings	END	1669313908282
USER	Add Sensor Readings	END	1669313908282
USER	Add Sensor Readings	END	1669313908283
REQUEST		add readings	1669313888980	1669313908289	OK	 
REQUEST		add readings	1669313888948	1669313908289	OK	 
REQUEST		add readings	1669313888999	1669313908289	OK	 
REQUEST		add readings	1669313888969	1669313908289	OK	 
USER	Add Sensor Readings	END	1669313908290
USER	Add Sensor Readings	END	1669313908290
USER	Add Sensor Readings	END	1669313908290
USER	Add Sensor Readings	END	1669313908290
REQUEST		add readings	1669313888946	1669313908356	OK	 
REQUEST		add readings	1669313888964	1669313908356	OK	 
REQUEST		add readings	1669313888952	1669313908356	OK	 
REQUEST		add readings	1669313888967	1669313908357	OK	 
REQUEST		add readings	1669313888937	1669313908357	OK	 
USER	Add Sensor Readings	END	1669313908358
USER	Add Sensor Readings	END	1669313908358
REQUEST		add readings	1669313889014	1669313908359	OK	 
REQUEST		add readings	1669313888958	1669313908359	OK	 
USER	Add Sensor Readings	END	1669313908359
USER	Add Sensor Readings	END	1669313908361
USER	Add Sensor Readings	END	1669313908361
USER	Add Sensor Readings	END	1669313908361
REQUEST		add readings	1669313888944	1669313908362	OK	 
REQUEST		add readings	1669313888948	1669313908362	OK	 
REQUEST		add readings	1669313888963	1669313908362	OK	 
USER	Add Sensor Readings	END	1669313908363
USER	Add Sensor Readings	END	1669313908363
USER	Add Sensor Readings	END	1669313908363
USER	Add Sensor Readings	END	1669313908364
REQUEST		add readings	1669313888955	1669313908423	OK	 
USER	Add Sensor Readings	END	1669313908424
REQUEST		add readings	1669313888936	1669313908425	OK	 
REQUEST		add readings	1669313888959	1669313908426	OK	 
USER	Add Sensor Readings	END	1669313908426
USER	Add Sensor Readings	END	1669313908427
REQUEST		add readings	1669313888956	1669313908427	OK	 
REQUEST		add readings	1669313888963	1669313908427	OK	 
USER	Add Sensor Readings	END	1669313908428
USER	Add Sensor Readings	END	1669313908428
REQUEST		add readings	1669313888952	1669313908429	OK	 
REQUEST		add readings	1669313889032	1669313908429	OK	 
REQUEST		add readings	1669313888980	1669313908429	OK	 
REQUEST		add readings	1669313888981	1669313908429	OK	 
USER	Add Sensor Readings	END	1669313908430
USER	Add Sensor Readings	END	1669313908430
USER	Add Sensor Readings	END	1669313908430
USER	Add Sensor Readings	END	1669313908430
REQUEST		add readings	1669313888944	1669313908491	OK	 
REQUEST		add readings	1669313888939	1669313908492	OK	 
USER	Add Sensor Readings	END	1669313908493
USER	Add Sensor Readings	END	1669313908493
REQUEST		add readings	1669313888937	1669313908493	OK	 
USER	Add Sensor Readings	END	1669313908495
REQUEST		add readings	1669313888977	1669313908495	OK	 
REQUEST		add readings	1669313889017	1669313908495	OK	 
USER	Add Sensor Readings	END	1669313908497
USER	Add Sensor Readings	END	1669313908497
REQUEST		add readings	1669313888933	1669313908497	OK	 
REQUEST		add readings	1669313888972	1669313908497	OK	 
USER	Add Sensor Readings	END	1669313908499
USER	Add Sensor Readings	END	1669313908499
REQUEST		add readings	1669313888955	1669313908500	OK	 
REQUEST		add readings	1669313888978	1669313908500	OK	 
REQUEST		add readings	1669313888943	1669313908499	OK	 
USER	Add Sensor Readings	END	1669313908500
USER	Add Sensor Readings	END	1669313908501
USER	Add Sensor Readings	END	1669313908501
REQUEST		add readings	1669313888977	1669313908562	OK	 
REQUEST		add readings	1669313888990	1669313908562	OK	 
USER	Add Sensor Readings	END	1669313908563
USER	Add Sensor Readings	END	1669313908563
REQUEST		add readings	1669313888953	1669313908566	OK	 
REQUEST		add readings	1669313888978	1669313908566	OK	 
REQUEST		add readings	1669313888939	1669313908566	OK	 
USER	Add Sensor Readings	END	1669313908567
USER	Add Sensor Readings	END	1669313908567
USER	Add Sensor Readings	END	1669313908567
REQUEST		add readings	1669313888942	1669313908568	OK	 
REQUEST		add readings	1669313888955	1669313908568	OK	 
REQUEST		add readings	1669313888969	1669313908568	OK	 
REQUEST		add readings	1669313888938	1669313908568	OK	 
USER	Add Sensor Readings	END	1669313908568
USER	Add Sensor Readings	END	1669313908568
USER	Add Sensor Readings	END	1669313908569
USER	Add Sensor Readings	END	1669313908569
REQUEST		add readings	1669313888959	1669313908571	OK	 
USER	Add Sensor Readings	END	1669313908572
REQUEST		add readings	1669313888947	1669313908627	OK	 
USER	Add Sensor Readings	END	1669313908628
REQUEST		add readings	1669313888937	1669313908634	OK	 
USER	Add Sensor Readings	END	1669313908635
REQUEST		add readings	1669313888957	1669313908638	OK	 
REQUEST		add readings	1669313888942	1669313908638	OK	 
REQUEST		add readings	1669313888964	1669313908638	OK	 
REQUEST		add readings	1669313888951	1669313908638	OK	 
REQUEST		add readings	1669313888947	1669313908638	OK	 
USER	Add Sensor Readings	END	1669313908638
USER	Add Sensor Readings	END	1669313908639
USER	Add Sensor Readings	END	1669313908639
USER	Add Sensor Readings	END	1669313908639
USER	Add Sensor Readings	END	1669313908639
REQUEST		add readings	1669313888974	1669313908639	OK	 
USER	Add Sensor Readings	END	1669313908639
REQUEST		add readings	1669313888943	1669313908639	OK	 
USER	Add Sensor Readings	END	1669313908640
REQUEST		add readings	1669313888943	1669313908645	OK	 
USER	Add Sensor Readings	END	1669313908646
REQUEST		add readings	1669313889015	1669313908699	OK	 
USER	Add Sensor Readings	END	1669313908700
REQUEST		add readings	1669313888956	1669313908704	OK	 
REQUEST		add readings	1669313888941	1669313908704	OK	 
USER	Add Sensor Readings	END	1669313908704
USER	Add Sensor Readings	END	1669313908704
REQUEST		add readings	1669313888997	1669313908707	OK	 
REQUEST		add readings	1669313888968	1669313908707	OK	 
REQUEST		add readings	1669313888962	1669313908707	OK	 
REQUEST		add readings	1669313888945	1669313908707	OK	 
REQUEST		add readings	1669313888973	1669313908707	OK	 
REQUEST		add readings	1669313889003	1669313908707	OK	 
USER	Add Sensor Readings	END	1669313908708
USER	Add Sensor Readings	END	1669313908708
USER	Add Sensor Readings	END	1669313908708
USER	Add Sensor Readings	END	1669313908708
USER	Add Sensor Readings	END	1669313908708
USER	Add Sensor Readings	END	1669313908708
REQUEST		add readings	1669313889003	1669313908719	OK	 
USER	Add Sensor Readings	END	1669313908720
REQUEST		add readings	1669313888943	1669313908767	OK	 
USER	Add Sensor Readings	END	1669313908767
REQUEST		add readings	1669313888933	1669313908771	OK	 
USER	Add Sensor Readings	END	1669313908772
REQUEST		add readings	1669313888974	1669313908772	OK	 
USER	Add Sensor Readings	END	1669313908772
REQUEST		add readings	1669313888935	1669313908778	OK	 
REQUEST		add readings	1669313889001	1669313908778	OK	 
REQUEST		add readings	1669313889006	1669313908778	OK	 
REQUEST		add readings	1669313888927	1669313908778	OK	 
REQUEST		add readings	1669313889015	1669313908778	OK	 
USER	Add Sensor Readings	END	1669313908779
USER	Add Sensor Readings	END	1669313908779
USER	Add Sensor Readings	END	1669313908779
USER	Add Sensor Readings	END	1669313908779
USER	Add Sensor Readings	END	1669313908779
REQUEST		add readings	1669313889010	1669313908779	OK	 
USER	Add Sensor Readings	END	1669313908780
REQUEST		add readings	1669313888951	1669313908785	OK	 
USER	Add Sensor Readings	END	1669313908786
REQUEST		add readings	1669313888997	1669313908837	OK	 
USER	Add Sensor Readings	END	1669313908837
REQUEST		add readings	1669313888941	1669313908840	OK	 
REQUEST		add readings	1669313888949	1669313908840	OK	 
USER	Add Sensor Readings	END	1669313908841
USER	Add Sensor Readings	END	1669313908841
REQUEST		add readings	1669313888971	1669313908846	OK	 
REQUEST		add readings	1669313888967	1669313908846	OK	 
REQUEST		add readings	1669313888963	1669313908846	OK	 
REQUEST		add readings	1669313888960	1669313908846	OK	 
REQUEST		add readings	1669313888946	1669313908846	OK	 
REQUEST		add readings	1669313888986	1669313908846	OK	 
REQUEST		add readings	1669313889035	1669313908846	OK	 
USER	Add Sensor Readings	END	1669313908847
USER	Add Sensor Readings	END	1669313908847
USER	Add Sensor Readings	END	1669313908847
USER	Add Sensor Readings	END	1669313908847
USER	Add Sensor Readings	END	1669313908847
USER	Add Sensor Readings	END	1669313908847
USER	Add Sensor Readings	END	1669313908847
REQUEST		add readings	1669313888965	1669313908905	OK	 
USER	Add Sensor Readings	END	1669313908905
REQUEST		add readings	1669313888975	1669313908911	OK	 
REQUEST		add readings	1669313888953	1669313908911	OK	 
USER	Add Sensor Readings	END	1669313908912
USER	Add Sensor Readings	END	1669313908912
REQUEST		add readings	1669313888936	1669313908914	OK	 
REQUEST		add readings	1669313888950	1669313908914	OK	 
REQUEST		add readings	1669313888965	1669313908914	OK	 
USER	Add Sensor Readings	END	1669313908915
USER	Add Sensor Readings	END	1669313908915
USER	Add Sensor Readings	END	1669313908915
REQUEST		add readings	1669313888972	1669313908917	OK	 
REQUEST		add readings	1669313888950	1669313908917	OK	 
REQUEST		add readings	1669313888977	1669313908917	OK	 
REQUEST		add readings	1669313888945	1669313908917	OK	 
USER	Add Sensor Readings	END	1669313908917
USER	Add Sensor Readings	END	1669313908917
REQUEST		add readings	1669313888976	1669313908918	OK	 
USER	Add Sensor Readings	END	1669313908917
USER	Add Sensor Readings	END	1669313908918
USER	Add Sensor Readings	END	1669313908918
REQUEST		add readings	1669313889005	1669313908983	OK	 
REQUEST		add readings	1669313888968	1669313908983	OK	 
USER	Add Sensor Readings	END	1669313908984
USER	Add Sensor Readings	END	1669313908984
REQUEST		add readings	1669313888984	1669313908984	OK	 
REQUEST		add readings	1669313888946	1669313908985	OK	 
REQUEST		add readings	1669313888954	1669313908985	OK	 
USER	Add Sensor Readings	END	1669313908985
REQUEST		add readings	1669313888979	1669313908986	OK	 
USER	Add Sensor Readings	END	1669313908985
USER	Add Sensor Readings	END	1669313908986
REQUEST		add readings	1669313888951	1669313908986	OK	 
REQUEST		add readings	1669313888967	1669313908986	OK	 
USER	Add Sensor Readings	END	1669313908986
USER	Add Sensor Readings	END	1669313908986
USER	Add Sensor Readings	END	1669313908986
REQUEST		add readings	1669313888965	1669313908986	OK	 
USER	Add Sensor Readings	END	1669313908986
REQUEST		add readings	1669313888949	1669313908989	OK	 
USER	Add Sensor Readings	END	1669313908990
REQUEST		add readings	1669313888949	1669313909045	OK	 
USER	Add Sensor Readings	END	1669313909046
REQUEST		add readings	1669313889015	1669313909056	OK	 
REQUEST		add readings	1669313888960	1669313909056	OK	 
USER	Add Sensor Readings	END	1669313909056
USER	Add Sensor Readings	END	1669313909056
REQUEST		add readings	1669313889025	1669313909057	OK	 
REQUEST		add readings	1669313888981	1669313909057	OK	 
USER	Add Sensor Readings	END	1669313909058
USER	Add Sensor Readings	END	1669313909058
REQUEST		add readings	1669313888966	1669313909058	OK	 
USER	Add Sensor Readings	END	1669313909058
REQUEST		add readings	1669313888964	1669313909058	OK	 
USER	Add Sensor Readings	END	1669313909059
REQUEST		add readings	1669313888945	1669313909059	OK	 
USER	Add Sensor Readings	END	1669313909059
REQUEST		add readings	1669313889004	1669313909062	OK	 
REQUEST		add readings	1669313888939	1669313909062	OK	 
REQUEST		add readings	1669313888950	1669313909062	OK	 
USER	Add Sensor Readings	END	1669313909063
USER	Add Sensor Readings	END	1669313909063
USER	Add Sensor Readings	END	1669313909063
REQUEST		add readings	1669313888947	1669313909125	OK	 
REQUEST		add readings	1669313888945	1669313909125	OK	 
USER	Add Sensor Readings	END	1669313909125
REQUEST		add readings	1669313888980	1669313909125	OK	 
USER	Add Sensor Readings	END	1669313909125
USER	Add Sensor Readings	END	1669313909127
REQUEST		add readings	1669313888935	1669313909130	OK	 
REQUEST		add readings	1669313889008	1669313909130	OK	 
USER	Add Sensor Readings	END	1669313909131
USER	Add Sensor Readings	END	1669313909131
REQUEST		add readings	1669313888927	1669313909131	OK	 
REQUEST		add readings	1669313888928	1669313909131	OK	 
USER	Add Sensor Readings	END	1669313909132
USER	Add Sensor Readings	END	1669313909132
