RUN	simulations.SensorReadingsAPISimulations	sensorreadingsapisimulations	1669313722529	test	3.6.1
USER	Add Sensor Readings	START	1669313723457
USER	Add Sensor Readings	START	1669313723457
USER	Add Sensor Readings	START	1669313723457
USER	Add Sensor Readings	START	1669313723457
USER	Add Sensor Readings	START	1669313723457
USER	Add Sensor Readings	START	1669313723489
USER	Add Sensor Readings	START	1669313723489
USER	Add Sensor Readings	START	1669313723490
USER	Add Sensor Readings	START	1669313723490
USER	Add Sensor Readings	START	1669313723457
USER	Add Sensor Readings	START	1669313723457
USER	Add Sensor Readings	START	1669313723460
USER	Add Sensor Readings	START	1669313723489
USER	Add Sensor Readings	START	1669313723491
USER	Add Sensor Readings	START	1669313723457
USER	Add Sensor Readings	START	1669313723490
USER	Add Sensor Readings	START	1669313723491
USER	Add Sensor Readings	START	1669313723460
USER	Add Sensor Readings	START	1669313723458
USER	Add Sensor Readings	START	1669313723497
USER	Add Sensor Readings	START	1669313723496
USER	Add Sensor Readings	START	1669313723460
USER	Add Sensor Readings	START	1669313723491
USER	Add Sensor Readings	START	1669313723498
USER	Add Sensor Readings	START	1669313723498
USER	Add Sensor Readings	START	1669313723498
USER	Add Sensor Readings	START	1669313723498
USER	Add Sensor Readings	START	1669313723499
USER	Add Sensor Readings	START	1669313723492
USER	Add Sensor Readings	START	1669313723494
USER	Add Sensor Readings	START	1669313723500
USER	Add Sensor Readings	START	1669313723458
USER	Add Sensor Readings	START	1669313723500
USER	Add Sensor Readings	START	1669313723501
USER	Add Sensor Readings	START	1669313723497
USER	Add Sensor Readings	START	1669313723501
USER	Add Sensor Readings	START	1669313723501
USER	Add Sensor Readings	START	1669313723501
USER	Add Sensor Readings	START	1669313723502
USER	Add Sensor Readings	START	1669313723502
USER	Add Sensor Readings	START	1669313723501
USER	Add Sensor Readings	START	1669313723502
USER	Add Sensor Readings	START	1669313723502
USER	Add Sensor Readings	START	1669313723499
USER	Add Sensor Readings	START	1669313723502
USER	Add Sensor Readings	START	1669313723460
USER	Add Sensor Readings	START	1669313723503
USER	Add Sensor Readings	START	1669313723460
USER	Add Sensor Readings	START	1669313723503
USER	Add Sensor Readings	START	1669313723502
USER	Add Sensor Readings	START	1669313723501
USER	Add Sensor Readings	START	1669313723500
USER	Add Sensor Readings	START	1669313723503
USER	Add Sensor Readings	START	1669313723503
USER	Add Sensor Readings	START	1669313723457
USER	Add Sensor Readings	START	1669313723498
USER	Add Sensor Readings	START	1669313723504
USER	Add Sensor Readings	START	1669313723492
USER	Add Sensor Readings	START	1669313723505
USER	Add Sensor Readings	START	1669313723505
USER	Add Sensor Readings	START	1669313723504
USER	Add Sensor Readings	START	1669313723504
USER	Add Sensor Readings	START	1669313723503
USER	Add Sensor Readings	START	1669313723504
USER	Add Sensor Readings	START	1669313723502
USER	Add Sensor Readings	START	1669313723502
USER	Add Sensor Readings	START	1669313723505
USER	Add Sensor Readings	START	1669313723506
USER	Add Sensor Readings	START	1669313723506
USER	Add Sensor Readings	START	1669313723506
USER	Add Sensor Readings	START	1669313723504
USER	Add Sensor Readings	START	1669313723506
USER	Add Sensor Readings	START	1669313723507
USER	Add Sensor Readings	START	1669313723507
USER	Add Sensor Readings	START	1669313723506
USER	Add Sensor Readings	START	1669313723507
USER	Add Sensor Readings	START	1669313723507
USER	Add Sensor Readings	START	1669313723503
USER	Add Sensor Readings	START	1669313723499
USER	Add Sensor Readings	START	1669313723508
USER	Add Sensor Readings	START	1669313723509
USER	Add Sensor Readings	START	1669313723509
USER	Add Sensor Readings	START	1669313723509
USER	Add Sensor Readings	START	1669313723510
USER	Add Sensor Readings	START	1669313723508
USER	Add Sensor Readings	START	1669313723509
USER	Add Sensor Readings	START	1669313723510
USER	Add Sensor Readings	START	1669313723507
USER	Add Sensor Readings	START	1669313723510
USER	Add Sensor Readings	START	1669313723511
USER	Add Sensor Readings	START	1669313723510
USER	Add Sensor Readings	START	1669313723503
USER	Add Sensor Readings	START	1669313723506
USER	Add Sensor Readings	START	1669313723504
USER	Add Sensor Readings	START	1669313723512
USER	Add Sensor Readings	START	1669313723511
USER	Add Sensor Readings	START	1669313723512
USER	Add Sensor Readings	START	1669313723510
USER	Add Sensor Readings	START	1669313723512
USER	Add Sensor Readings	START	1669313723513
USER	Add Sensor Readings	START	1669313723497
USER	Add Sensor Readings	START	1669313723511
USER	Add Sensor Readings	START	1669313723512
USER	Add Sensor Readings	START	1669313723512
USER	Add Sensor Readings	START	1669313723513
USER	Add Sensor Readings	START	1669313723497
USER	Add Sensor Readings	START	1669313723499
USER	Add Sensor Readings	START	1669313723514
USER	Add Sensor Readings	START	1669313723514
USER	Add Sensor Readings	START	1669313723506
USER	Add Sensor Readings	START	1669313723511
USER	Add Sensor Readings	START	1669313723508
USER	Add Sensor Readings	START	1669313723513
USER	Add Sensor Readings	START	1669313723515
USER	Add Sensor Readings	START	1669313723516
USER	Add Sensor Readings	START	1669313723512
USER	Add Sensor Readings	START	1669313723516
USER	Add Sensor Readings	START	1669313723513
USER	Add Sensor Readings	START	1669313723516
USER	Add Sensor Readings	START	1669313723508
USER	Add Sensor Readings	START	1669313723517
USER	Add Sensor Readings	START	1669313723516
USER	Add Sensor Readings	START	1669313723517
USER	Add Sensor Readings	START	1669313723517
USER	Add Sensor Readings	START	1669313723516
USER	Add Sensor Readings	START	1669313723518
USER	Add Sensor Readings	START	1669313723518
USER	Add Sensor Readings	START	1669313723518
USER	Add Sensor Readings	START	1669313723518
USER	Add Sensor Readings	START	1669313723518
USER	Add Sensor Readings	START	1669313723519
USER	Add Sensor Readings	START	1669313723505
USER	Add Sensor Readings	START	1669313723519
USER	Add Sensor Readings	START	1669313723519
USER	Add Sensor Readings	START	1669313723520
USER	Add Sensor Readings	START	1669313723520
USER	Add Sensor Readings	START	1669313723520
USER	Add Sensor Readings	START	1669313723505
USER	Add Sensor Readings	START	1669313723520
USER	Add Sensor Readings	START	1669313723520
USER	Add Sensor Readings	START	1669313723520
USER	Add Sensor Readings	START	1669313723520
USER	Add Sensor Readings	START	1669313723516
USER	Add Sensor Readings	START	1669313723521
USER	Add Sensor Readings	START	1669313723520
USER	Add Sensor Readings	START	1669313723522
USER	Add Sensor Readings	START	1669313723522
USER	Add Sensor Readings	START	1669313723522
USER	Add Sensor Readings	START	1669313723520
USER	Add Sensor Readings	START	1669313723522
USER	Add Sensor Readings	START	1669313723522
USER	Add Sensor Readings	START	1669313723518
USER	Add Sensor Readings	START	1669313723519
USER	Add Sensor Readings	START	1669313723508
USER	Add Sensor Readings	START	1669313723523
USER	Add Sensor Readings	START	1669313723522
USER	Add Sensor Readings	START	1669313723518
USER	Add Sensor Readings	START	1669313723525
USER	Add Sensor Readings	START	1669313723517
USER	Add Sensor Readings	START	1669313723524
USER	Add Sensor Readings	START	1669313723516
USER	Add Sensor Readings	START	1669313723513
USER	Add Sensor Readings	START	1669313723522
USER	Add Sensor Readings	START	1669313723525
USER	Add Sensor Readings	START	1669313723526
USER	Add Sensor Readings	START	1669313723526
USER	Add Sensor Readings	START	1669313723524
USER	Add Sensor Readings	START	1669313723527
USER	Add Sensor Readings	START	1669313723527
USER	Add Sensor Readings	START	1669313723525
USER	Add Sensor Readings	START	1669313723515
USER	Add Sensor Readings	START	1669313723526
USER	Add Sensor Readings	START	1669313723525
USER	Add Sensor Readings	START	1669313723526
USER	Add Sensor Readings	START	1669313723523
USER	Add Sensor Readings	START	1669313723551
USER	Add Sensor Readings	START	1669313723529
USER	Add Sensor Readings	START	1669313723552
USER	Add Sensor Readings	START	1669313723552
USER	Add Sensor Readings	START	1669313723529
USER	Add Sensor Readings	START	1669313723553
USER	Add Sensor Readings	START	1669313723553
USER	Add Sensor Readings	START	1669313723551
USER	Add Sensor Readings	START	1669313723525
USER	Add Sensor Readings	START	1669313723521
USER	Add Sensor Readings	START	1669313723522
USER	Add Sensor Readings	START	1669313723552
USER	Add Sensor Readings	START	1669313723529
USER	Add Sensor Readings	START	1669313723553
USER	Add Sensor Readings	START	1669313723553
USER	Add Sensor Readings	START	1669313723556
USER	Add Sensor Readings	START	1669313723556
USER	Add Sensor Readings	START	1669313723556
USER	Add Sensor Readings	START	1669313723556
USER	Add Sensor Readings	START	1669313723522
USER	Add Sensor Readings	START	1669313723557
USER	Add Sensor Readings	START	1669313723553
USER	Add Sensor Readings	START	1669313723554
USER	Add Sensor Readings	START	1669313723555
USER	Add Sensor Readings	START	1669313723557
USER	Add Sensor Readings	START	1669313723554
USER	Add Sensor Readings	START	1669313723558
USER	Add Sensor Readings	START	1669313723558
USER	Add Sensor Readings	START	1669313723555
USER	Add Sensor Readings	START	1669313723558
USER	Add Sensor Readings	START	1669313723558
USER	Add Sensor Readings	START	1669313723558
USER	Add Sensor Readings	START	1669313723558
USER	Add Sensor Readings	START	1669313723530
USER	Add Sensor Readings	START	1669313723530
USER	Add Sensor Readings	START	1669313723556
USER	Add Sensor Readings	START	1669313723530
USER	Add Sensor Readings	START	1669313723559
USER	Add Sensor Readings	START	1669313723559
USER	Add Sensor Readings	START	1669313723559
USER	Add Sensor Readings	START	1669313723560
USER	Add Sensor Readings	START	1669313723560
USER	Add Sensor Readings	START	1669313723560
USER	Add Sensor Readings	START	1669313723561
USER	Add Sensor Readings	START	1669313723560
USER	Add Sensor Readings	START	1669313723552
USER	Add Sensor Readings	START	1669313723560
USER	Add Sensor Readings	START	1669313723557
USER	Add Sensor Readings	START	1669313723558
USER	Add Sensor Readings	START	1669313723561
USER	Add Sensor Readings	START	1669313723562
USER	Add Sensor Readings	START	1669313723559
USER	Add Sensor Readings	START	1669313723561
USER	Add Sensor Readings	START	1669313723563
USER	Add Sensor Readings	START	1669313723563
USER	Add Sensor Readings	START	1669313723560
USER	Add Sensor Readings	START	1669313723563
USER	Add Sensor Readings	START	1669313723564
USER	Add Sensor Readings	START	1669313723557
USER	Add Sensor Readings	START	1669313723563
USER	Add Sensor Readings	START	1669313723564
USER	Add Sensor Readings	START	1669313723563
USER	Add Sensor Readings	START	1669313723564
USER	Add Sensor Readings	START	1669313723563
USER	Add Sensor Readings	START	1669313723564
USER	Add Sensor Readings	START	1669313723558
USER	Add Sensor Readings	START	1669313723564
USER	Add Sensor Readings	START	1669313723554
USER	Add Sensor Readings	START	1669313723559
USER	Add Sensor Readings	START	1669313723565
USER	Add Sensor Readings	START	1669313723565
USER	Add Sensor Readings	START	1669313723562
USER	Add Sensor Readings	START	1669313723565
USER	Add Sensor Readings	START	1669313723565
USER	Add Sensor Readings	START	1669313723561
USER	Add Sensor Readings	START	1669313723565
USER	Add Sensor Readings	START	1669313723560
USER	Add Sensor Readings	START	1669313723565
USER	Add Sensor Readings	START	1669313723565
USER	Add Sensor Readings	START	1669313723567
USER	Add Sensor Readings	START	1669313723565
USER	Add Sensor Readings	START	1669313723566
USER	Add Sensor Readings	START	1669313723567
USER	Add Sensor Readings	START	1669313723567
USER	Add Sensor Readings	START	1669313723566
USER	Add Sensor Readings	START	1669313723567
USER	Add Sensor Readings	START	1669313723564
USER	Add Sensor Readings	START	1669313723568
USER	Add Sensor Readings	START	1669313723568
USER	Add Sensor Readings	START	1669313723568
USER	Add Sensor Readings	START	1669313723567
USER	Add Sensor Readings	START	1669313723566
USER	Add Sensor Readings	START	1669313723568
USER	Add Sensor Readings	START	1669313723568
USER	Add Sensor Readings	START	1669313723568
USER	Add Sensor Readings	START	1669313723569
USER	Add Sensor Readings	START	1669313723568
USER	Add Sensor Readings	START	1669313723568
USER	Add Sensor Readings	START	1669313723568
USER	Add Sensor Readings	START	1669313723569
USER	Add Sensor Readings	START	1669313723569
USER	Add Sensor Readings	START	1669313723569
USER	Add Sensor Readings	START	1669313723569
USER	Add Sensor Readings	START	1669313723569
USER	Add Sensor Readings	START	1669313723569
USER	Add Sensor Readings	START	1669313723570
USER	Add Sensor Readings	START	1669313723570
USER	Add Sensor Readings	START	1669313723570
USER	Add Sensor Readings	START	1669313723568
USER	Add Sensor Readings	START	1669313723570
USER	Add Sensor Readings	START	1669313723571
USER	Add Sensor Readings	START	1669313723570
USER	Add Sensor Readings	START	1669313723571
USER	Add Sensor Readings	START	1669313723571
USER	Add Sensor Readings	START	1669313723571
USER	Add Sensor Readings	START	1669313723572
USER	Add Sensor Readings	START	1669313723571
USER	Add Sensor Readings	START	1669313723572
USER	Add Sensor Readings	START	1669313723572
USER	Add Sensor Readings	START	1669313723571
USER	Add Sensor Readings	START	1669313723572
USER	Add Sensor Readings	START	1669313723572
USER	Add Sensor Readings	START	1669313723572
USER	Add Sensor Readings	START	1669313723573
USER	Add Sensor Readings	START	1669313723573
REQUEST		add readings	1669313723567	1669313725011	KO	j.i.IOException: Premature close
REQUEST		add readings	1669313723570	1669313725011	KO	j.i.IOException: Premature close
REQUEST		add readings	1669313723574	1669313725011	KO	j.i.IOException: Premature close
USER	Add Sensor Readings	END	1669313725031
USER	Add Sensor Readings	END	1669313725031
USER	Add Sensor Readings	END	1669313725032
REQUEST		add readings	1669313723570	1669313725197	KO	status.find.is(200), but actually found 503
REQUEST		add readings	1669313723512	1669313725196	KO	status.find.is(200), but actually found 503
USER	Add Sensor Readings	END	1669313725217
USER	Add Sensor Readings	END	1669313725217
REQUEST		add readings	1669313723506	1669313725196	KO	status.find.is(200), but actually found 503
REQUEST		add readings	1669313723564	1669313725196	KO	status.find.is(200), but actually found 503
REQUEST		add readings	1669313723569	1669313725197	KO	status.find.is(200), but actually found 503
REQUEST		add readings	1669313723569	1669313725196	KO	status.find.is(200), but actually found 503
REQUEST		add readings	1669313723513	1669313725196	KO	status.find.is(200), but actually found 503
REQUEST		add readings	1669313723503	1669313725196	KO	status.find.is(200), but actually found 503
REQUEST		add readings	1669313723568	1669313725221	KO	status.find.is(200), but actually found 503
REQUEST		add readings	1669313723553	1669313725196	KO	status.find.is(200), but actually found 503
REQUEST		add readings	1669313723483	1669313725196	KO	status.find.is(200), but actually found 503
REQUEST		add readings	1669313723513	1669313725196	KO	status.find.is(200), but actually found 503
USER	Add Sensor Readings	END	1669313725219
USER	Add Sensor Readings	END	1669313725220
REQUEST		add readings	1669313723522	1669313725196	KO	status.find.is(200), but actually found 503
REQUEST		add readings	1669313723559	1669313725221	KO	status.find.is(200), but actually found 503
REQUEST		add readings	1669313723522	1669313725220	KO	status.find.is(200), but actually found 503
REQUEST		add readings	1669313723515	1669313725225	KO	status.find.is(200), but actually found 503
REQUEST		add readings	1669313723519	1669313725231	KO	status.find.is(200), but actually found 503
USER	Add Sensor Readings	END	1669313725220
REQUEST		add readings	1669313723552	1669313725234	KO	status.find.is(200), but actually found 503
USER	Add Sensor Readings	END	1669313725221
USER	Add Sensor Readings	END	1669313725222
USER	Add Sensor Readings	END	1669313725223
USER	Add Sensor Readings	END	1669313725224
USER	Add Sensor Readings	END	1669313725225
USER	Add Sensor Readings	END	1669313725226
USER	Add Sensor Readings	END	1669313725227
REQUEST		add readings	1669313723490	1669313725228	KO	status.find.is(200), but actually found 503
REQUEST		add readings	1669313723572	1669313725232	KO	status.find.is(200), but actually found 503
REQUEST		add readings	1669313723483	1669313725227	KO	status.find.is(200), but actually found 503
USER	Add Sensor Readings	END	1669313725229
USER	Add Sensor Readings	END	1669313725230
USER	Add Sensor Readings	END	1669313725231
USER	Add Sensor Readings	END	1669313725234
USER	Add Sensor Readings	END	1669313725236
USER	Add Sensor Readings	END	1669313725237
USER	Add Sensor Readings	END	1669313725238
USER	Add Sensor Readings	END	1669313725238
USER	Add Sensor Readings	END	1669313725239
REQUEST		add readings	1669313723501	1669313725239	KO	status.find.is(200), but actually found 503
REQUEST		add readings	1669313723566	1669313725239	KO	status.find.is(200), but actually found 503
USER	Add Sensor Readings	END	1669313725245
USER	Add Sensor Readings	END	1669313725246
REQUEST		add readings	1669313723565	1669313725239	KO	status.find.is(200), but actually found 503
REQUEST		add readings	1669313723522	1669313725241	KO	status.find.is(200), but actually found 503
USER	Add Sensor Readings	END	1669313725247
USER	Add Sensor Readings	END	1669313725247
REQUEST		add readings	1669313723500	1669313725246	KO	status.find.is(200), but actually found 503
REQUEST		add readings	1669313723559	1669313725244	KO	status.find.is(200), but actually found 503
USER	Add Sensor Readings	END	1669313725248
USER	Add Sensor Readings	END	1669313725249
REQUEST		add readings	1669313723530	1669313725264	KO	status.find.is(200), but actually found 503
REQUEST		add readings	1669313723511	1669313725265	KO	status.find.is(200), but actually found 503
REQUEST		add readings	1669313723566	1669313725265	KO	status.find.is(200), but actually found 503
USER	Add Sensor Readings	END	1669313725267
USER	Add Sensor Readings	END	1669313725268
USER	Add Sensor Readings	END	1669313725268
REQUEST		add readings	1669313723569	1669313725269	KO	status.find.is(200), but actually found 503
REQUEST		add readings	1669313723572	1669313725264	KO	status.find.is(200), but actually found 503
USER	Add Sensor Readings	END	1669313725270
USER	Add Sensor Readings	END	1669313725271
REQUEST		add readings	1669313723559	1669313725301	KO	status.find.is(200), but actually found 503
REQUEST		add readings	1669313723502	1669313725302	KO	status.find.is(200), but actually found 503
REQUEST		add readings	1669313723527	1669313725303	KO	status.find.is(200), but actually found 503
REQUEST		add readings	1669313723496	1669313725303	KO	status.find.is(200), but actually found 503
REQUEST		add readings	1669313723526	1669313725301	KO	status.find.is(200), but actually found 503
REQUEST		add readings	1669313723517	1669313725302	KO	status.find.is(200), but actually found 503
REQUEST		add readings	1669313723571	1669313725300	KO	status.find.is(200), but actually found 503
USER	Add Sensor Readings	END	1669313725302
USER	Add Sensor Readings	END	1669313725304
USER	Add Sensor Readings	END	1669313725307
USER	Add Sensor Readings	END	1669313725308
REQUEST		add readings	1669313723553	1669313725305	KO	status.find.is(200), but actually found 503
REQUEST		add readings	1669313723516	1669313725305	KO	status.find.is(200), but actually found 503
REQUEST		add readings	1669313723513	1669313725305	KO	status.find.is(200), but actually found 503
USER	Add Sensor Readings	END	1669313725308
USER	Add Sensor Readings	END	1669313725309
REQUEST		add readings	1669313723503	1669313725312	KO	status.find.is(200), but actually found 503
USER	Add Sensor Readings	END	1669313725310
USER	Add Sensor Readings	END	1669313725310
USER	Add Sensor Readings	END	1669313725311
USER	Add Sensor Readings	END	1669313725311
USER	Add Sensor Readings	END	1669313725313
REQUEST		add readings	1669313723514	1669313725314	KO	status.find.is(200), but actually found 503
USER	Add Sensor Readings	END	1669313725315
REQUEST		add readings	1669313723507	1669313725315	KO	status.find.is(200), but actually found 503
USER	Add Sensor Readings	END	1669313725316
REQUEST		add readings	1669313723568	1669313725317	KO	status.find.is(200), but actually found 503
USER	Add Sensor Readings	END	1669313725318
REQUEST		add readings	1669313723555	1669313725321	KO	status.find.is(200), but actually found 503
USER	Add Sensor Readings	END	1669313725323
REQUEST		add readings	1669313723573	1669313725325	KO	status.find.is(200), but actually found 503
REQUEST		add readings	1669313723501	1669313725325	KO	status.find.is(200), but actually found 503
USER	Add Sensor Readings	END	1669313725326
USER	Add Sensor Readings	END	1669313725329
REQUEST		add readings	1669313723509	1669313725330	KO	status.find.is(200), but actually found 503
USER	Add Sensor Readings	END	1669313725331
REQUEST		add readings	1669313723498	1669313725371	KO	status.find.is(200), but actually found 503
USER	Add Sensor Readings	END	1669313725373
REQUEST		add readings	1669313723556	1669313726089	KO	status.find.is(200), but actually found 503
USER	Add Sensor Readings	END	1669313726097
REQUEST		add readings	1669313723504	1669313726233	KO	status.find.is(200), but actually found 503
REQUEST		add readings	1669313723519	1669313726233	KO	status.find.is(200), but actually found 503
USER	Add Sensor Readings	END	1669313726659
USER	Add Sensor Readings	END	1669313726659
REQUEST		add readings	1669313723496	1669313729111	OK	 
USER	Add Sensor Readings	END	1669313729123
REQUEST		add readings	1669313723503	1669313732164	OK	 
USER	Add Sensor Readings	END	1669313732168
REQUEST		add readings	1669313723483	1669313744460	OK	 
USER	Add Sensor Readings	END	1669313744497
REQUEST		add readings	1669313723497	1669313747757	OK	 
REQUEST		add readings	1669313723567	1669313747757	OK	 
REQUEST		add readings	1669313723499	1669313747757	OK	 
REQUEST		add readings	1669313723513	1669313747757	OK	 
USER	Add Sensor Readings	END	1669313747772
USER	Add Sensor Readings	END	1669313747772
USER	Add Sensor Readings	END	1669313747772
USER	Add Sensor Readings	END	1669313747772
REQUEST		add readings	1669313723552	1669313747773	OK	 
USER	Add Sensor Readings	END	1669313747775
REQUEST		add readings	1669313723491	1669313747802	OK	 
USER	Add Sensor Readings	END	1669313747803
REQUEST		add readings	1669313723490	1669313747824	OK	 
REQUEST		add readings	1669313723563	1669313747823	OK	 
USER	Add Sensor Readings	END	1669313747824
USER	Add Sensor Readings	END	1669313747824
REQUEST		add readings	1669313723498	1669313747826	OK	 
REQUEST		add readings	1669313723505	1669313747826	OK	 
REQUEST		add readings	1669313723483	1669313747826	OK	 
REQUEST		add readings	1669313723511	1669313747826	OK	 
USER	Add Sensor Readings	END	1669313747828
USER	Add Sensor Readings	END	1669313747828
USER	Add Sensor Readings	END	1669313747828
USER	Add Sensor Readings	END	1669313747828
REQUEST		add readings	1669313723507	1669313747830	OK	 
USER	Add Sensor Readings	END	1669313747831
REQUEST		add readings	1669313723505	1669313747886	OK	 
USER	Add Sensor Readings	END	1669313747888
REQUEST		add readings	1669313723506	1669313747894	OK	 
REQUEST		add readings	1669313723483	1669313747897	OK	 
REQUEST		add readings	1669313723483	1669313747897	OK	 
USER	Add Sensor Readings	END	1669313747898
USER	Add Sensor Readings	END	1669313747899
USER	Add Sensor Readings	END	1669313747899
REQUEST		add readings	1669313723512	1669313747899	OK	 
REQUEST		add readings	1669313723497	1669313747899	OK	 
USER	Add Sensor Readings	END	1669313747903
USER	Add Sensor Readings	END	1669313747904
REQUEST		add readings	1669313723554	1669313747904	OK	 
USER	Add Sensor Readings	END	1669313747905
REQUEST		add readings	1669313723510	1669313747955	OK	 
USER	Add Sensor Readings	END	1669313747956
REQUEST		add readings	1669313723483	1669313747962	OK	 
REQUEST		add readings	1669313723513	1669313747962	OK	 
USER	Add Sensor Readings	END	1669313747964
USER	Add Sensor Readings	END	1669313747964
REQUEST		add readings	1669313723518	1669313747965	OK	 
USER	Add Sensor Readings	END	1669313747967
REQUEST		add readings	1669313723509	1669313747969	OK	 
REQUEST		add readings	1669313723568	1669313747969	OK	 
REQUEST		add readings	1669313723503	1669313747969	OK	 
USER	Add Sensor Readings	END	1669313747970
USER	Add Sensor Readings	END	1669313747970
USER	Add Sensor Readings	END	1669313747970
REQUEST		add readings	1669313723506	1669313747974	OK	 
USER	Add Sensor Readings	END	1669313747976
REQUEST		add readings	1669313723553	1669313748025	OK	 
USER	Add Sensor Readings	END	1669313748026
REQUEST		add readings	1669313723563	1669313748037	OK	 
REQUEST		add readings	1669313723516	1669313748037	OK	 
REQUEST		add readings	1669313723520	1669313748037	OK	 
REQUEST		add readings	1669313723489	1669313748037	OK	 
USER	Add Sensor Readings	END	1669313748039
USER	Add Sensor Readings	END	1669313748039
REQUEST		add readings	1669313723500	1669313748038	OK	 
REQUEST		add readings	1669313723509	1669313748038	OK	 
USER	Add Sensor Readings	END	1669313748039
USER	Add Sensor Readings	END	1669313748039
USER	Add Sensor Readings	END	1669313748039
REQUEST		add readings	1669313723503	1669313748039	OK	 
USER	Add Sensor Readings	END	1669313748039
USER	Add Sensor Readings	END	1669313748041
REQUEST		add readings	1669313723498	1669313748102	OK	 
REQUEST		add readings	1669313723506	1669313748104	OK	 
USER	Add Sensor Readings	END	1669313748104
USER	Add Sensor Readings	END	1669313748106
REQUEST		add readings	1669313723520	1669313748108	OK	 
REQUEST		add readings	1669313723505	1669313748111	OK	 
USER	Add Sensor Readings	END	1669313748111
USER	Add Sensor Readings	END	1669313748111
REQUEST		add readings	1669313723499	1669313748110	OK	 
REQUEST		add readings	1669313723564	1669313748110	OK	 
USER	Add Sensor Readings	END	1669313748112
REQUEST		add readings	1669313723483	1669313748110	OK	 
REQUEST		add readings	1669313723498	1669313748112	OK	 
USER	Add Sensor Readings	END	1669313748112
USER	Add Sensor Readings	END	1669313748112
USER	Add Sensor Readings	END	1669313748113
REQUEST		add readings	1669313723512	1669313748166	OK	 
USER	Add Sensor Readings	END	1669313748167
REQUEST		add readings	1669313723529	1669313748172	OK	 
USER	Add Sensor Readings	END	1669313748174
REQUEST		add readings	1669313723518	1669313748175	OK	 
USER	Add Sensor Readings	END	1669313748178
REQUEST		add readings	1669313723504	1669313748179	OK	 
REQUEST		add readings	1669313723498	1669313748181	OK	 
USER	Add Sensor Readings	END	1669313748181
USER	Add Sensor Readings	END	1669313748181
REQUEST		add readings	1669313723566	1669313748178	OK	 
REQUEST		add readings	1669313723507	1669313748179	OK	 
REQUEST		add readings	1669313723517	1669313748182	OK	 
USER	Add Sensor Readings	END	1669313748182
USER	Add Sensor Readings	END	1669313748183
USER	Add Sensor Readings	END	1669313748183
REQUEST		add readings	1669313723500	1669313748240	OK	 
REQUEST		add readings	1669313723490	1669313748240	OK	 
USER	Add Sensor Readings	END	1669313748241
USER	Add Sensor Readings	END	1669313748241
REQUEST		add readings	1669313723509	1669313748242	OK	 
USER	Add Sensor Readings	END	1669313748243
REQUEST		add readings	1669313723491	1669313748248	OK	 
USER	Add Sensor Readings	END	1669313748250
REQUEST		add readings	1669313723564	1669313748249	OK	 
REQUEST		add readings	1669313723483	1669313748249	OK	 
REQUEST		add readings	1669313723518	1669313748249	OK	 
REQUEST		add readings	1669313723502	1669313748250	OK	 
USER	Add Sensor Readings	END	1669313748252
USER	Add Sensor Readings	END	1669313748252
USER	Add Sensor Readings	END	1669313748252
REQUEST		add readings	1669313723504	1669313748250	OK	 
USER	Add Sensor Readings	END	1669313748253
USER	Add Sensor Readings	END	1669313748253
REQUEST		add readings	1669313723522	1669313748312	OK	 
REQUEST		add readings	1669313723502	1669313748312	OK	 
USER	Add Sensor Readings	END	1669313748313
USER	Add Sensor Readings	END	1669313748313
REQUEST		add readings	1669313723505	1669313748312	OK	 
REQUEST		add readings	1669313723520	1669313748313	OK	 
USER	Add Sensor Readings	END	1669313748314
USER	Add Sensor Readings	END	1669313748314
REQUEST		add readings	1669313723505	1669313748317	OK	 
REQUEST		add readings	1669313723502	1669313748318	OK	 
USER	Add Sensor Readings	END	1669313748318
REQUEST		add readings	1669313723525	1669313748317	OK	 
USER	Add Sensor Readings	END	1669313748319
USER	Add Sensor Readings	END	1669313748320
REQUEST		add readings	1669313723490	1669313748320	OK	 
USER	Add Sensor Readings	END	1669313748325
REQUEST		add readings	1669313723516	1669313748378	OK	 
REQUEST		add readings	1669313723527	1669313748379	OK	 
REQUEST		add readings	1669313723502	1669313748379	OK	 
USER	Add Sensor Readings	END	1669313748381
USER	Add Sensor Readings	END	1669313748381
USER	Add Sensor Readings	END	1669313748382
REQUEST		add readings	1669313723501	1669313748385	OK	 
REQUEST		add readings	1669313723559	1669313748386	OK	 
REQUEST		add readings	1669313723483	1669313748386	OK	 
USER	Add Sensor Readings	END	1669313748387
USER	Add Sensor Readings	END	1669313748387
USER	Add Sensor Readings	END	1669313748387
REQUEST		add readings	1669313723517	1669313748386	OK	 
USER	Add Sensor Readings	END	1669313748388
REQUEST		add readings	1669313723499	1669313748388	OK	 
USER	Add Sensor Readings	END	1669313748390
REQUEST		add readings	1669313723551	1669313748448	OK	 
REQUEST		add readings	1669313723508	1669313748448	OK	 
USER	Add Sensor Readings	END	1669313748449
USER	Add Sensor Readings	END	1669313748449
REQUEST		add readings	1669313723497	1669313748450	OK	 
USER	Add Sensor Readings	END	1669313748452
REQUEST		add readings	1669313723503	1669313748453	OK	 
REQUEST		add readings	1669313723557	1669313748453	OK	 
REQUEST		add readings	1669313723505	1669313748453	OK	 
REQUEST		add readings	1669313723517	1669313748453	OK	 
USER	Add Sensor Readings	END	1669313748454
USER	Add Sensor Readings	END	1669313748454
USER	Add Sensor Readings	END	1669313748454
USER	Add Sensor Readings	END	1669313748454
REQUEST		add readings	1669313723527	1669313748460	OK	 
USER	Add Sensor Readings	END	1669313748462
REQUEST		add readings	1669313723552	1669313748492	OK	 
USER	Add Sensor Readings	END	1669313748493
REQUEST		add readings	1669313723483	1669313748523	OK	 
REQUEST		add readings	1669313723566	1669313748523	OK	 
REQUEST		add readings	1669313723568	1669313748524	OK	 
REQUEST		add readings	1669313723503	1669313748524	OK	 
USER	Add Sensor Readings	END	1669313748525
USER	Add Sensor Readings	END	1669313748526
USER	Add Sensor Readings	END	1669313748526
REQUEST		add readings	1669313723560	1669313748529	OK	 
USER	Add Sensor Readings	END	1669313748529
REQUEST		add readings	1669313723514	1669313748524	OK	 
USER	Add Sensor Readings	END	1669313748542
USER	Add Sensor Readings	END	1669313748548
REQUEST		add readings	1669313723518	1669313748537	OK	 
USER	Add Sensor Readings	END	1669313748551
REQUEST		add readings	1669313723526	1669313748551	OK	 
USER	Add Sensor Readings	END	1669313748555
REQUEST		add readings	1669313723507	1669313748561	OK	 
USER	Add Sensor Readings	END	1669313748563
REQUEST		add readings	1669313723517	1669313748602	OK	 
REQUEST		add readings	1669313723506	1669313748600	OK	 
REQUEST		add readings	1669313723554	1669313748600	OK	 
REQUEST		add readings	1669313723506	1669313748600	OK	 
REQUEST		add readings	1669313723523	1669313748602	OK	 
REQUEST		add readings	1669313723507	1669313748604	OK	 
REQUEST		add readings	1669313723506	1669313748606	OK	 
USER	Add Sensor Readings	END	1669313748606
USER	Add Sensor Readings	END	1669313748606
USER	Add Sensor Readings	END	1669313748606
USER	Add Sensor Readings	END	1669313748606
USER	Add Sensor Readings	END	1669313748606
USER	Add Sensor Readings	END	1669313748606
USER	Add Sensor Readings	END	1669313748606
REQUEST		add readings	1669313723569	1669313748606	OK	 
USER	Add Sensor Readings	END	1669313748608
REQUEST		add readings	1669313723552	1669313748654	OK	 
USER	Add Sensor Readings	END	1669313748655
REQUEST		add readings	1669313723569	1669313748655	OK	 
USER	Add Sensor Readings	END	1669313748657
REQUEST		add readings	1669313723558	1669313748658	OK	 
USER	Add Sensor Readings	END	1669313748668
REQUEST		add readings	1669313723564	1669313748669	OK	 
REQUEST		add readings	1669313723512	1669313748669	OK	 
REQUEST		add readings	1669313723564	1669313748670	OK	 
REQUEST		add readings	1669313723554	1669313748669	OK	 
USER	Add Sensor Readings	END	1669313748670
USER	Add Sensor Readings	END	1669313748670
USER	Add Sensor Readings	END	1669313748670
REQUEST		add readings	1669313723561	1669313748671	OK	 
REQUEST		add readings	1669313723511	1669313748669	OK	 
USER	Add Sensor Readings	END	1669313748672
USER	Add Sensor Readings	END	1669313748672
USER	Add Sensor Readings	END	1669313748672
REQUEST		add readings	1669313723484	1669313748721	OK	 
USER	Add Sensor Readings	END	1669313748721
REQUEST		add readings	1669313723525	1669313748724	OK	 
USER	Add Sensor Readings	END	1669313748725
REQUEST		add readings	1669313723483	1669313748727	OK	 
USER	Add Sensor Readings	END	1669313748728
REQUEST		add readings	1669313723567	1669313748732	OK	 
REQUEST		add readings	1669313723523	1669313748732	OK	 
REQUEST		add readings	1669313723558	1669313748732	OK	 
REQUEST		add readings	1669313723566	1669313748733	OK	 
REQUEST		add readings	1669313723504	1669313748733	OK	 
REQUEST		add readings	1669313723569	1669313748733	OK	 
USER	Add Sensor Readings	END	1669313748733
USER	Add Sensor Readings	END	1669313748733
USER	Add Sensor Readings	END	1669313748734
USER	Add Sensor Readings	END	1669313748734
USER	Add Sensor Readings	END	1669313748734
USER	Add Sensor Readings	END	1669313748734
REQUEST		add readings	1669313723572	1669313748789	OK	 
USER	Add Sensor Readings	END	1669313748790
REQUEST		add readings	1669313723522	1669313748792	OK	 
REQUEST		add readings	1669313723569	1669313748793	OK	 
USER	Add Sensor Readings	END	1669313748794
USER	Add Sensor Readings	END	1669313748794
REQUEST		add readings	1669313723559	1669313748796	OK	 
USER	Add Sensor Readings	END	1669313748797
REQUEST		add readings	1669313723560	1669313748798	OK	 
REQUEST		add readings	1669313723508	1669313748798	OK	 
USER	Add Sensor Readings	END	1669313748800
USER	Add Sensor Readings	END	1669313748800
REQUEST		add readings	1669313723516	1669313748806	OK	 
REQUEST		add readings	1669313723526	1669313748806	OK	 
USER	Add Sensor Readings	END	1669313748808
USER	Add Sensor Readings	END	1669313748808
REQUEST		add readings	1669313723520	1669313748806	OK	 
USER	Add Sensor Readings	END	1669313748808
REQUEST		add readings	1669313723561	1669313748826	OK	 
USER	Add Sensor Readings	END	1669313748827
REQUEST		add readings	1669313723512	1669313748861	OK	 
REQUEST		add readings	1669313723560	1669313748862	OK	 
USER	Add Sensor Readings	END	1669313748863
USER	Add Sensor Readings	END	1669313748864
REQUEST		add readings	1669313723527	1669313748866	OK	 
REQUEST		add readings	1669313723569	1669313748870	OK	 
USER	Add Sensor Readings	END	1669313748870
USER	Add Sensor Readings	END	1669313748870
REQUEST		add readings	1669313723527	1669313748871	OK	 
USER	Add Sensor Readings	END	1669313748872
REQUEST		add readings	1669313723563	1669313748873	OK	 
USER	Add Sensor Readings	END	1669313748874
REQUEST		add readings	1669313723526	1669313748873	OK	 
USER	Add Sensor Readings	END	1669313748875
REQUEST		add readings	1669313723557	1669313748873	OK	 
USER	Add Sensor Readings	END	1669313748877
REQUEST		add readings	1669313723565	1669313748878	OK	 
USER	Add Sensor Readings	END	1669313748879
REQUEST		add readings	1669313723561	1669313748930	OK	 
REQUEST		add readings	1669313723511	1669313748930	OK	 
USER	Add Sensor Readings	END	1669313748931
USER	Add Sensor Readings	END	1669313748931
REQUEST		add readings	1669313723566	1669313748933	OK	 
USER	Add Sensor Readings	END	1669313748934
REQUEST		add readings	1669313723524	1669313748938	OK	 
USER	Add Sensor Readings	END	1669313748939
REQUEST		add readings	1669313723563	1669313748940	OK	 
REQUEST		add readings	1669313723517	1669313748940	OK	 
USER	Add Sensor Readings	END	1669313748940
USER	Add Sensor Readings	END	1669313748940
REQUEST		add readings	1669313723483	1669313748940	OK	 
USER	Add Sensor Readings	END	1669313748944
REQUEST		add readings	1669313723508	1669313748942	OK	 
REQUEST		add readings	1669313723526	1669313748946	OK	 
USER	Add Sensor Readings	END	1669313748947
USER	Add Sensor Readings	END	1669313748947
REQUEST		add readings	1669313723504	1669313748946	OK	 
USER	Add Sensor Readings	END	1669313748948
REQUEST		add readings	1669313723567	1669313749001	OK	 
REQUEST		add readings	1669313723565	1669313749003	OK	 
REQUEST		add readings	1669313723513	1669313749002	OK	 
USER	Add Sensor Readings	END	1669313749004
USER	Add Sensor Readings	END	1669313749004
USER	Add Sensor Readings	END	1669313749004
REQUEST		add readings	1669313723557	1669313749009	OK	 
USER	Add Sensor Readings	END	1669313749010
REQUEST		add readings	1669313723522	1669313749012	OK	 
REQUEST		add readings	1669313723520	1669313749012	OK	 
REQUEST		add readings	1669313723552	1669313749012	OK	 
REQUEST		add readings	1669313723483	1669313749012	OK	 
REQUEST		add readings	1669313723510	1669313749013	OK	 
REQUEST		add readings	1669313723564	1669313749014	OK	 
USER	Add Sensor Readings	END	1669313749013
USER	Add Sensor Readings	END	1669313749013
USER	Add Sensor Readings	END	1669313749013
USER	Add Sensor Readings	END	1669313749013
USER	Add Sensor Readings	END	1669313749013
USER	Add Sensor Readings	END	1669313749015
REQUEST		add readings	1669313723520	1669313749069	OK	 
USER	Add Sensor Readings	END	1669313749070
REQUEST		add readings	1669313723529	1669313749070	OK	 
USER	Add Sensor Readings	END	1669313749071
REQUEST		add readings	1669313723518	1669313749076	OK	 
REQUEST		add readings	1669313723507	1669313749076	OK	 
USER	Add Sensor Readings	END	1669313749076
USER	Add Sensor Readings	END	1669313749076
REQUEST		add readings	1669313723561	1669313749082	OK	 
REQUEST		add readings	1669313723571	1669313749082	OK	 
USER	Add Sensor Readings	END	1669313749084
REQUEST		add readings	1669313723558	1669313749085	OK	 
REQUEST		add readings	1669313723503	1669313749084	OK	 
USER	Add Sensor Readings	END	1669313749084
REQUEST		add readings	1669313723560	1669313749082	OK	 
USER	Add Sensor Readings	END	1669313749088
USER	Add Sensor Readings	END	1669313749088
USER	Add Sensor Readings	END	1669313749088
REQUEST		add readings	1669313723565	1669313749087	OK	 
USER	Add Sensor Readings	END	1669313749093
REQUEST		add readings	1669313723564	1669313749102	OK	 
USER	Add Sensor Readings	END	1669313749103
REQUEST		add readings	1669313723558	1669313749136	OK	 
USER	Add Sensor Readings	END	1669313749137
REQUEST		add readings	1669313723558	1669313749143	OK	 
REQUEST		add readings	1669313723525	1669313749143	OK	 
USER	Add Sensor Readings	END	1669313749144
USER	Add Sensor Readings	END	1669313749144
REQUEST		add readings	1669313723557	1669313749149	OK	 
REQUEST		add readings	1669313723571	1669313749149	OK	 
USER	Add Sensor Readings	END	1669313749150
USER	Add Sensor Readings	END	1669313749150
REQUEST		add readings	1669313723500	1669313749150	OK	 
REQUEST		add readings	1669313723553	1669313749151	OK	 
REQUEST		add readings	1669313723517	1669313749151	OK	 
USER	Add Sensor Readings	END	1669313749151
USER	Add Sensor Readings	END	1669313749151
USER	Add Sensor Readings	END	1669313749151
REQUEST		add readings	1669313723563	1669313749152	OK	 
USER	Add Sensor Readings	END	1669313749152
REQUEST		add readings	1669313723502	1669313749156	OK	 
USER	Add Sensor Readings	END	1669313749158
REQUEST		add readings	1669313723558	1669313749205	OK	 
REQUEST		add readings	1669313723554	1669313749205	OK	 
USER	Add Sensor Readings	END	1669313749205
USER	Add Sensor Readings	END	1669313749206
REQUEST		add readings	1669313723523	1669313749215	OK	 
REQUEST		add readings	1669313723564	1669313749215	OK	 
USER	Add Sensor Readings	END	1669313749216
USER	Add Sensor Readings	END	1669313749217
REQUEST		add readings	1669313723512	1669313749217	OK	 
USER	Add Sensor Readings	END	1669313749219
REQUEST		add readings	1669313723513	1669313749220	OK	 
REQUEST		add readings	1669313723501	1669313749220	OK	 
USER	Add Sensor Readings	END	1669313749222
REQUEST		add readings	1669313723520	1669313749223	OK	 
REQUEST		add readings	1669313723518	1669313749222	OK	 
USER	Add Sensor Readings	END	1669313749224
USER	Add Sensor Readings	END	1669313749224
USER	Add Sensor Readings	END	1669313749224
REQUEST		add readings	1669313723572	1669313749225	OK	 
USER	Add Sensor Readings	END	1669313749226
REQUEST		add readings	1669313723572	1669313749239	OK	 
USER	Add Sensor Readings	END	1669313749240
REQUEST		add readings	1669313723560	1669313749273	OK	 
REQUEST		add readings	1669313723518	1669313749273	OK	 
USER	Add Sensor Readings	END	1669313749273
USER	Add Sensor Readings	END	1669313749274
REQUEST		add readings	1669313723555	1669313749283	OK	 
USER	Add Sensor Readings	END	1669313749284
REQUEST		add readings	1669313723568	1669313749287	OK	 
REQUEST		add readings	1669313723505	1669313749287	OK	 
USER	Add Sensor Readings	END	1669313749288
USER	Add Sensor Readings	END	1669313749288
REQUEST		add readings	1669313723558	1669313749289	OK	 
REQUEST		add readings	1669313723527	1669313749289	OK	 
USER	Add Sensor Readings	END	1669313749290
USER	Add Sensor Readings	END	1669313749290
REQUEST		add readings	1669313723565	1669313749290	OK	 
USER	Add Sensor Readings	END	1669313749291
REQUEST		add readings	1669313723517	1669313749291	OK	 
REQUEST		add readings	1669313723558	1669313749291	OK	 
USER	Add Sensor Readings	END	1669313749291
USER	Add Sensor Readings	END	1669313749291
REQUEST		add readings	1669313723572	1669313749307	OK	 
USER	Add Sensor Readings	END	1669313749308
REQUEST		add readings	1669313723483	1669313749346	OK	 
USER	Add Sensor Readings	END	1669313749347
REQUEST		add readings	1669313723568	1669313749364	OK	 
USER	Add Sensor Readings	END	1669313749364
REQUEST		add readings	1669313723572	1669313749369	OK	 
REQUEST		add readings	1669313723519	1669313749369	OK	 
REQUEST		add readings	1669313723520	1669313749369	OK	 
REQUEST		add readings	1669313723520	1669313749369	OK	 
REQUEST		add readings	1669313723489	1669313749369	OK	 
USER	Add Sensor Readings	END	1669313749370
USER	Add Sensor Readings	END	1669313749370
USER	Add Sensor Readings	END	1669313749370
USER	Add Sensor Readings	END	1669313749370
USER	Add Sensor Readings	END	1669313749370
REQUEST		add readings	1669313723528	1669313749370	OK	 
USER	Add Sensor Readings	END	1669313749371
REQUEST		add readings	1669313723560	1669313749371	OK	 
USER	Add Sensor Readings	END	1669313749371
REQUEST		add readings	1669313723570	1669313749381	OK	 
REQUEST		add readings	1669313723523	1669313749381	OK	 
USER	Add Sensor Readings	END	1669313749381
USER	Add Sensor Readings	END	1669313749381
REQUEST		add readings	1669313723512	1669313749427	OK	 
USER	Add Sensor Readings	END	1669313749428
REQUEST		add readings	1669313723511	1669313749436	OK	 
USER	Add Sensor Readings	END	1669313749437
REQUEST		add readings	1669313723560	1669313749452	OK	 
REQUEST		add readings	1669313723525	1669313749452	OK	 
REQUEST		add readings	1669313723565	1669313749452	OK	 
REQUEST		add readings	1669313723567	1669313749452	OK	 
REQUEST		add readings	1669313723566	1669313749453	OK	 
REQUEST		add readings	1669313723570	1669313749452	OK	 
USER	Add Sensor Readings	END	1669313749453
USER	Add Sensor Readings	END	1669313749453
USER	Add Sensor Readings	END	1669313749453
USER	Add Sensor Readings	END	1669313749453
USER	Add Sensor Readings	END	1669313749453
USER	Add Sensor Readings	END	1669313749453
REQUEST		add readings	1669313723552	1669313749454	OK	 
REQUEST		add readings	1669313723530	1669313749454	OK	 
USER	Add Sensor Readings	END	1669313749454
USER	Add Sensor Readings	END	1669313749455
REQUEST		add readings	1669313723571	1669313749459	OK	 
USER	Add Sensor Readings	END	1669313749460
REQUEST		add readings	1669313723568	1669313749499	OK	 
REQUEST		add readings	1669313723506	1669313749499	OK	 
USER	Add Sensor Readings	END	1669313749499
USER	Add Sensor Readings	END	1669313749500
REQUEST		add readings	1669313723508	1669313749523	OK	 
REQUEST		add readings	1669313723571	1669313749523	OK	 
REQUEST		add readings	1669313723560	1669313749523	OK	 
REQUEST		add readings	1669313723563	1669313749523	OK	 
USER	Add Sensor Readings	END	1669313749524
USER	Add Sensor Readings	END	1669313749524
USER	Add Sensor Readings	END	1669313749524
USER	Add Sensor Readings	END	1669313749524
REQUEST		add readings	1669313723556	1669313749523	OK	 
REQUEST		add readings	1669313723570	1669313749527	OK	 
USER	Add Sensor Readings	END	1669313749527
REQUEST		add readings	1669313723514	1669313749527	OK	 
USER	Add Sensor Readings	END	1669313749528
REQUEST		add readings	1669313723559	1669313749527	OK	 
REQUEST		add readings	1669313723570	1669313749528	OK	 
USER	Add Sensor Readings	END	1669313749528
USER	Add Sensor Readings	END	1669313749529
USER	Add Sensor Readings	END	1669313749529
REQUEST		add readings	1669313723565	1669313749531	OK	 
USER	Add Sensor Readings	END	1669313749532
REQUEST		add readings	1669313723516	1669313749565	OK	 
USER	Add Sensor Readings	END	1669313749566
REQUEST		add readings	1669313723569	1669313749586	OK	 
USER	Add Sensor Readings	END	1669313749587
REQUEST		add readings	1669313723557	1669313749591	OK	 
USER	Add Sensor Readings	END	1669313749592
